nohup: ignoring input
🚀 wa-engine dimulai...
🔄  Internal API siap di http://127.0.0.1:3070
🔑  Token: local-dev-token
📱  Scan QR ini dengan WhatsApp di HP kamu:
▄▄▄▄▄▄▄▄▄▄▄▄▄▄▄▄▄▄▄▄▄▄▄▄▄▄▄▄▄▄▄▄▄▄▄▄▄▄▄▄▄▄▄▄▄▄▄▄▄▄▄▄▄▄▄▄▄▄▄
█ ▄▄▄▄▄ █▄▄▀▄▀▀▀▀▀█▀ ▀▀█ ▄▄▀ ▄ ▄▀▄█▀█  ▀▀▄  ▄▀ ▄ ██ ▄▄▄▄▄ █
█ █   █ █ █▀██▀███ ▀▄█▄█ ▀ ██▄██ ▄▄█▀▀ ▄█▄▀██▄▀▄ ██ █   █ █
█ █▄▄▄█ █▄▄▀█ ▀█▀▀▄▀ ▀▄█ █▀ ▄▄▄   ▄█▀█▄ ▄▀██▀▄▄▀▄██ █▄▄▄█ █
█▄▄▄▄▄▄▄█▄█▄█▄▀▄█▄▀▄▀▄█▄▀▄█ █▄█ ▀ ▀ █ █ █ ▀ ▀▄█▄█ █▄▄▄▄▄▄▄█
█▄ ▄▄█▀▄█▄█▀█▀▀███▄▀ █ ▄▄ ▀▄ ▄   █ ▄▀█▀▄▄ ▀▀▀▀▄▄▄ ▄██ ▄ █▄█
█▀█ ▀▄█▄▀▄▀ █▄ ▀▄  ██ ▄▄██▄▄▀▄  █ ▀█▄██▀  █▄█▀█▀▀█ █▄▄ ▄▄ █
█  █▀ █▄▀▀  ▄▀▄ █▄█▄▀ █▄█▄▀▄▀██▀ ▀ ▄▄▄ ▀▀███▄▀ ▄▄▄ ▀███▄▀██
█▄█ ▀▀█▄▄▀▀█▄▀ ▄▄  ▀▀▀  ▄▄▀█▀█▀▀██▀ ▄ █   ▀▀▄█▀▀ ▄ ▄█  ▀▀██
█▀▀▀▀█▀▄█ ▄█▀▄ ▄▀ ▀█▄█▄▀█▄ ▄▄▄▀▄▄ ▄ ▀▀██▄▀ ▄▄▄▀▀▀▄████ ▄  █
█▄█▄▄ ▄▄▀█ █▄▀▀▀▄▀█  ▀▄▀▀▀▀ █ █▀▄█▀▄█ ▄█▄▄   ▄ ▀▀▀▀ ▀▀▄█▄▀█
█▀▄ ▄ ▄▄██  ▄  ██ ▄▀██  ▀█     ▀▀█▄█ ▀ █▄▄  █▀█▄▄  ▄▀▄▄█▀▀█
███▄ █▄▄ ▄▄▀█▀█▄▀▄█  ▄█   █▀█▄ ▄ ▄▀▄ ▀ ▀▄█▀▄ ▀ ▀█▀█▄▄▄ ██▄█
██ ██  ▄ ▀▀▀ █▀ ▀█ ▄█ █▀ █▀███▄█▄▄   ▄▄▀ ▀███▀▀▄█▄ ▀██ █▄ █
█▄█▀▀ ▄▄▄ ▄█▀▄▀ ▀ ▄▄▀▀█▄█▄▀ ▄▄▄ ▀ ▀ █▀▀▄▄ █▄  ▀█  ▄▄▄ ▀▀▀██
█▀▀   █▄█    █▀▄▀▀█▄██▀▀▄▄▀ █▄█ █▄▀ ▀▀▄█ █▀▄█▄█ ▀ █▄█  █▄▀█
█  ██▄ ▄▄ ██▄▄    ▀▀ ▀▀▄▀▀▄▄ ▄▄ █▄▀ █ █ █▀▀▀▄ ▀ █  ▄ ▄▄▄▄▀█
██ ▄ ▄▀▄█▀█▀▄ ▀█▄▄ █▀▄▄▄ ▀▄▀ █▀▀█▀ ▄██▀▄▄ ▀ ▀▀▀▄▀█▄ ▄▄▀▀█▀█
█  ▄▄ ▀▄█▄▄▄▄▄▀▀▀ ▀▀ ▄▀█▀▄█▀▄  ██▀█▄▀█▄██▄▄▄ ▄     ▄▄▄█▄▄ █
██▀█▄▀▀▄███▀█▄▄▄██▀ ▀█▀█ ▄██████ █ █ ▄ ▀██▄▄ █▄███▀█ ▄▀▀███
█▄ ▄▀▀ ▄▀█▄█▀▀██ ▄▄█  █▀▄▀█▄ ▄ ▀▀█▀█▀▄▄ ██▀▀██▄▀▄█▀▀██ ▀█▄█
█ ▄▀█▄ ▄ ███▀▀▀█ ▀ ▀ █▄▀▀█▀  ▀▀▀█▄▄▀███▄▄█▄▄   ▀ ▀ ▄▀▀▀▄▀ █
█▀█▄▄ ▄▄▀  ▀  ▀   █▄ ▀█ █▄██▀▄█ ▀▀█▀▄▄█▄   ▀█  ▄█ ▄▀  ▀█ ██
█▄█▀ ▀ ▄    ▀▄▄▀█▄▀▀▀█ █  ▄█▄▄ ██▀▀█▄█ █▀▄▀ ███▄█▄█▀██▄▄▄▀█
█ ▀ ▀▀▄▄▄█▄  ▀  ▄█████ █▄▀ ▀█ ▀▀▀▄▀▄ █▀▄█▄██  ▄  ▀█ █ ▄▄  █
███████▄▄▀▀██▀▄█▀█ ▄▄ ██▄▄  ▄▄▄ ▄█ █▄▄▄▀ ▀▀█ ▀██▀ ▄▄▄ ▄▀  █
█ ▄▄▄▄▄ ██▀  █▀▄█▀▀▄▀▀▀ ▄ ▄ █▄█  ▀█ ▀▀█ ▄▀█ ▄█▄█▄ █▄█   ▀██
█ █   █ █▀▄█▀▀▀█▀█▀▀ ▄ █ ▀  ▄▄  ▄ ▀▀██▄█ ▀ ▄▄   ▄   ▄ ▄▄ ▄█
█ █▄▄▄█ █  ▀███▄  ▄▄▄▀▄▄█▀▀▀█▀█▀█   █▀▀▀▄ ▄▄█▀▀█ ▄  ▀█▄▄█▀█
█▄▄▄▄▄▄▄█▄▄▄██▄███▄█▄█▄▄▄▄██▄▄███▄██▄███▄▄▄███▄██▄▄█▄▄█████

⚠️  wa_session update gagal: ER_ACCESS_DENIED_ERROR
📱  Scan QR ini dengan WhatsApp di HP kamu:
▄▄▄▄▄▄▄▄▄▄▄▄▄▄▄▄▄▄▄▄▄▄▄▄▄▄▄▄▄▄▄▄▄▄▄▄▄▄▄▄▄▄▄▄▄▄▄▄▄▄▄▄▄▄▄▄▄▄▄
█ ▄▄▄▄▄ █▀ ▀ █ ▄▄█▀█▄▀▄▄ ▄▄█▄▄▄ ▀ █▀▀  ▀▄ ▄ ██▄▄ ██ ▄▄▄▄▄ █
█ █   █ █▀▄ █▄ ███  ▄██▄▀▀▀█▄██▄▀▄█▄▄▀▀▄▀▄▀▄ ▄ ▄ ██ █   █ █
█ █▄▄▄█ █▀▀▀▄▀█▄▄██▄▄ ▀▀▀ █ ▄▄▄ ▀ ▀▀▀█ ▀ ▄▄  █▀▀▄██ █▄▄▄█ █
█▄▄▄▄▄▄▄█▄▀ ▀▄▀ ▀▄█ ▀ ▀▄█ █ █▄█ ▀▄█ ▀▄█▄▀ █▄▀ ▀▄▀▄█▄▄▄▄▄▄▄█
█▄ ▄▄▄▀▄▄   █▀ █▄▄▄ ▀█▀█▄▀ ▄ ▄  ▀█▀█▀▄ ▄█▀▀  ▀██▀▀ █▄█▄▀▄██
█▄▀▀▄ █▄ ▀█▄█ ▄ ▀▄▀ ▀▀▀ ▄ ▀▄ ▄▀█▀▀ ██ ▀▄█▄▄█▀ ▄██ ▄█▄ ▀▀ ▀█
█▄ █▀ ▀▄█▄ ▄ █▄▄▀▄▀ ▀▄▀▄▀ ▀ ▀▀▀█ █▄▄   ███  ▄███ ▀ █ █▀▄▀▀█
█▄█ █ █▄█▀ ▄▄ ▀▄█▀ ▄ ▀▀ ▄█ █ ▄▀▄▄█ █ █▄▀▀█▄ ▀▀▀▄█ ▀▄▄ ▀  ██
█▄ ▀ ▀ ▄▀▀▀▀ ▀▄█▀▄▄▄ ▄▄▀▀▀▄█▀    ▀▀▄▄ ▄█▀█ ▀ ██▄ ▀▀▄ ▀▀ ▄▀█
██▄▀ ▄▄▄▀▀▄█ █▀█▄▄▀▄ ▄ ▀▄▄▀▄▀ ▀▄▄██▄█▀▄ ▄ ▄█ █▄▀██▀▄█▀ ▀▄██
█▀  █▀▄▄▄█▀▀▀█▀█▄▀▄ ▄█▀▀▀▄▀ ▀▀   ▀█▄▄▄▀██▀ ▀ ▀▄█▄▀▀▄ █▄▄▀ █
█ ▀██  ▄▄▀▄▀▀██ ▄ ▄█▄█ ▄▀█▀   ▀▀██▄  ▄▄  ▀ ▀█▀██▄▄█▄█ ▀ ▀██
█▀ ▀▀██▄▀█  ▀▄▄▄██▄ █▄▀▀▄▀█▀▀█ ▀▄ ▄ ▄ ▄█▄▀▀▀███▄▄▀▀▄█▀▄▀▄▄█
██▄▀  ▄▄▄   ▀▄▀  ▀▄█ ▀▄███▄ ▄▄▄   ▄▀█ ▄▄█▀▀▀▀ ▄▄▀ ▄▄▄ █  ██
█▄██▀ █▄█  ▀▀  ▄▄█▄▀▀▄▄██▀▀ █▄█ ▀██▄ ▄ ▄█▀▄ ▀████ █▄█ ▀█  █
█ ▀█▀ ▄▄  ▀█   ▄▄ ▀  █ ▄███▄▄▄ ▄█ ▄▀█▄█▄▀▀ ▀  ▄ ▄▄   ▄▀ ▄██
█▄▄▄▀█▀▄█▄▄ ▄▀ ███  ▀▄▀█▀ █▀██▀ ▄▀▀█▄▄█▄▀▀ ▀▄▀███▄█ ██▀ ▄██
███ █▄ ▄ █▀ █▀█  ▀ ▄▀▄▄▀▄ ▀   ▀ ▀▄  ▀▀ ▄▄ █ ▄ ▄▄ █▄█▄▄▄▀▄██
█▀█▀ ▀█▄█▀▀▀█ ▄ ▀██▄▀▀██▄ █▀▀█ ▀ ▀▄█▄▄ █▄▀  ▄█ █▀▀▀▀▄▄██▄▀█
██▀▄   ▄ █  ▀█▀▄▀█▄▄▀ ▄ ▄ ▄▄▀█ ▄▀▄ ▄▀██ ▄▄▀ █▄█ ▄▄ ▀▄▄  ▄▄█
██   ▄ ▄▄▄  ▄  ▀██▀▄▄▄▀█  █▀██ ▄▀█▀█▄ ▀█▀▀█▀▄▀██▀▄█▀▄█ ██▀█
███  ▀▀▄▀▄▄▀▀ ▀ ▄ ▀  █▀ ▀ ▀▀█▄▀▄▀██▀  █ ▄ ▄██▄  ▀█ ▀▄  ▀ ▀█
██▄ ▄▀▄▄ ▄▀ ▀█▀▀▄█▀  █▀▄ ▀▄ ██ ▄▄▀█▄▄▄█▄ █▄ ▄██▄██████ ██▀█
█ ▀ ▀▀▄▄ █▀▄▀▄▄▀▀▀█ ▀▄▀██▄█  ▄ ▄██▄▀█▄▄▄▄▄▄▀▄█ ▀ ▄▄█ █▀▀▄▀█
███████▄█ ██▀█▄▀▀▄▄ ▄▄██▀▀  ▄▄▄ ▄▀▄█  ▀█▀▀  ▄█▄█▀ ▄▄▄  ▄  █
█ ▄▄▄▄▄ █▄ ▀ ▄ ▄▀▄▀█▄█ ▀▄ █ █▄█ █▀▄▀▄▀█▀ ▄█  █▄█  █▄█  ▀███
█ █   █ █ ▀▀▄ █▄▄▀ ▄▄██▀▀▄▄ ▄▄ ▄▀▀▄█▄▄ ▄█▀▀▀ ▀█▄█▄▄   █▀███
█ █▄▄▄█ █ ▀▀██▄ ▄   ▄█ ▄▀█▀██▀▀█▄█▄ ▀▄▀█▀▀  ▄▄██▄  ▄██  ███
█▄▄▄▄▄▄▄█▄█▄▄▄██▄▄▄▄████▄█▄████▄▄▄▄▄▄▄▄███▄▄▄██▄███████▄▄██

⚠️  wa_session update gagal: ER_ACCESS_DENIED_ERROR
📱  Scan QR ini dengan WhatsApp di HP kamu:
▄▄▄▄▄▄▄▄▄▄▄▄▄▄▄▄▄▄▄▄▄▄▄▄▄▄▄▄▄▄▄▄▄▄▄▄▄▄▄▄▄▄▄▄▄▄▄▄▄▄▄▄▄▄▄▄▄▄▄
█ ▄▄▄▄▄ █▄▄▀▄▀ ▀▀██▀ ▀▀▄ ▄▄▀ ▄ ▄▀▄ ▀▀  █ ▄█ ▄  ▄ ██ ▄▄▄▄▄ █
█ █   █ █ █▀█▀▀██▄ ▀██▄█   ██▄██ ▄▄█▄  ▄▄█▀█▀█▀▄ ██ █   █ █
█ █▄▄▄█ █▄ █▄█▀█▀▀▄▀ ▀▄█ █▀ ▄▄▄ █ ▄█▄▀▄  ▄██ █▄▀▄██ █▄▄▄█ █
█▄▄▄▄▄▄▄█▄▀▄▀ ▀▄█▄▀▄▀▄█▄▀▄█ █▄█ ▀ ▀ █ █ █ ▀ ▀▄█▄█ █▄▄▄▄▄▄▄█
█▄ ▄▄▀█▄█▄█ █▄▀███▄▀ █ ▄▄ █▄ ▄   █ ▄▀█▀▄▄ ▀▀▀▀▄▄   ██▄▄ █▄█
█▀█ ▀█▄▄  ▄ ▀▄ ▀▄  ██ ▄▄██▄▄▀▄  █ ██▄█▀█  █▄█▀██▄ ▀▄█  ▄▄ █
█   ▄ █▄▀█▀ ▄▀▄ █▄█▄▀ █▄█▄▀██▀█▀ ▀▀█▄▄▀▀▀█▄▄▄▀▄▄▄▄ ▀█▀█▄▀██
██ ▀ ▀█▄▄ ▀█▄▀ ▄▄  ▄▀▀█ ▄▄▀█▀▄▀▀██▄█▄▄ █ ▄█▀ ▀ ▀▄▀ ▄▄ ▀ ▀██
█▀██ █▀▄█ ▄█▀▄ ▄▀▀█▀▄█▀█ █ ▄▄▄▀▄▄ █▀▀▀█▄▄█▀██ ▀▀▀▄████ ▄▄ █
██▀█▄▄ ▄▀█ █▄▀▀▀ ██ ▄█▄▀█ ▀ █ ▄ ▄▀▀▄██▄██ ▀▀▄█  ▀▀█▄▀▀▄██▀█
██  ▄  ▄██  ▄▀ ██ ▄▀██  ▀█     ▀█▀▄█ █ ██   █▀█▄▄ ▀▄▀▄▄█  █
███▄  ▀▄▄  ▀▄  █▀▄█  ▄█   █▀█▄ ▄▀▄▀▄   ▀▄▄▀▄ ▀ ▀█▀▀  ▄ ██▄█
██ ██  ▄▀▀██▄ █▀▀█ ▄█ █▀ ██▀██▄█▄▄   ▄▄▀ ▀███▀▀▄█▄▀▀█▀ █▄ █
█▄█▀▀ ▄▄▄   ▀▄██▀ ▄▄▀▀█▄█▄▀ ▄▄▄ ▀ ▀▄█▀█▄▄ █▄  ▀▀  ▄▄▄ ▀▀▀██
█▀▀▀  █▄█ ▀▀ ██▄▀▀█▄██▀▀▄▄█ █▄█ █▄▀ ▀▀▄█ █▀▄█▄▀▀▄ █▄█ ██▄▀█
██▀▀▄  ▄▄▄██▄▄     ▀ ▀▄▀▀▀▄  ▄▄ █▄▀ ▀  ▀█▀▀█▄▄▀    ▄▄▄██▄▀█
██▄ ▄▄▀▄ ██▀▄ ▀█▄▄▄█▀▄█ ▀▀▄▀▄▄▀▀█▀ ▄ ▀▄▄ ▄  ▀▀██▀▀▄ █▄▀▀███
█▀ █  ▀▄█▀▄▄▄▄▀▀▀ ▀▀██▀█▄ █▀█▄ ██▀█▄▄▀▄██▄▄█ ▄▀    ▄ ▀█▄▄ █
█  █▄▀▀▄███▀ ▀▄▄██▀ ▀█▀█ ▄████▀▀▀█ █▀  ▀██▄▄ ▀▄███▀█ ▄▀▀███
█▄ ▄▀▀ ▄▀██ ▄ ▄▀ ▄▄█  █▀▄▀█▄ ▄ ▀▀▄▀█▀▄▄ ▄█▀▀▄█▄▀▄█▀▀██ ▀█▄█
█ ▄▀█  ▄ █▄ █ █▄ ▀ ▀ █▄▀▀█▀  ▀▀▀█▄▄▀███▄▄█▄▄   ▀ ▀▀▀▀▀█▄▀ █
█▀█▄▄▄▄▄▀ ▀▄▀▀██  █▄ ▀█ █▄▀█▀▄█ ▀▀▀█▄▄▀    ██  ▄▀▀▄▀  ▀█ ██
█▄█▀ ▄▀▄█▄▄▀▀▄█ █▄▀▀▀█ █  ██▄▄ ██▀▄▄▄█ █▀▄  ██ ██▄ ▀ █▄▄▄▀█
█ ▀ ▀▀▄▄▀ ▄  ▀  ▄█▄▀██▄▀▄▀ ██ ▀▀▀▄▀█ █▀▄▀ █▀   ▄▄▀  ▀  ▄  █
███████▄█ ▀██▀▄█ ▄█ ▄ ██▄█  ▄▄▄ ▄█ █▄ ▀▀█▀█▄▄▀ ▄█ ▄▄▄ █  ▄█
█ ▄▄▄▄▄ ██▀  █▀▄▄▄▀▄██▀  ▄▄ █▄█ ▄▀█ ▀▀▄   █▀▄ ██▄ █▄█   ▄██
█ █   █ █▀▄█▄█▀█▀█▀▀ ▄ █ ▀      ▀▄▀▀▀▀▄█ ▀ ▄    █     ▄▄▀▄█
█ █▄▄▄█ █ █▀▀█ ▄  ▄▄▄▀▄▄█▀▀▀███▀▄▀  █▀▀▀█▀▄▄█▀▀█ ▄  ▀█▄▄█▀█
█▄▄▄▄▄▄▄█▄██▄▄████▄█▄█▄▄▄▄███▄███▄██▄███▄▄▄███▄██▄▄██▄█████

⚠️  wa_session update gagal: ER_ACCESS_DENIED_ERROR
📱  Scan QR ini dengan WhatsApp di HP kamu:
▄▄▄▄▄▄▄▄▄▄▄▄▄▄▄▄▄▄▄▄▄▄▄▄▄▄▄▄▄▄▄▄▄▄▄▄▄▄▄▄▄▄▄▄▄▄▄▄▄▄▄▄▄▄▄▄▄▄▄
█ ▄▄▄▄▄ █▄▄▀▄▀▀ ▀██  █▀▄▄ ▄▀ ▄ ▄▀▄█▀▄█▄█▄ ▄  ▀ ▄ ██ ▄▄▄▄▄ █
█ █   █ █ █▀██▀███ ▀█▄▄█ ▀ ██▄███▄▄█▀▀ ▄▄█▀█ █▀▄ ██ █   █ █
█ █▄▄▄█ █▄▄██▀▀█▀▀▄▀ ▀▄█ █▀ ▄▄▄ ▀▀▄█▀▄▄ ▀▄███▀▄▀▄██ █▄▄▄█ █
█▄▄▄▄▄▄▄█▄▀▄█ ▀▄█▄▀▄▀▄█▄▀▄█ █▄█ ▀ ▀ █ █ █ ▀ ▀▄█▄█ █▄▄▄▄▄▄▄█
█▄ ▄▄▀▀▄▀▄█▀▄▀▀███▄▀ █ ▄▄ ▀▄ ▄   █ ▄▀█▀▄▄ ▀▀▀▀▄▄▄  ██▄▄ █▄█
█▀█ ▀▄█▄▄▄▄▄▄█ ▀▄  ██ ▄▄██ █▀▄  █ ██▄███  ▀ █▀█▀█▄ ▄ █ ▄▄ █
█  █  █▄▄ █ ▄▀▄ █▄█▄▀ █▄█▄ ▄▄██▀ ▀▀█▄▄ ▀▀█▄█▄▀█▄▄▄ ▀▄▀▀▄▀██
█ ██▄▀█▄█ ▀█▄▀ ▄▄  ▄▀▀██▄▄▀█▀▄▀▀██   ▄ ▄▄▄▄▀ █ █▄▀ ▄█▀ ▀▀██
██ ▄██▀▄█ ▄█▀▄ ▄   ▀█▄ ▀ ▄ ▄▄▄▀▄▄ ▄ ▀█▄▄▄▀▀█ ▄▀▀▀▄████▀█▄ █
█▄▀█ ▄▄▄▀█ █▄▀▀▀█▄█ ▄ ▄▀▀ ▀ █ █▀▄▀▀▄ ▄▄█▄  ▀▄█  ▀▀█ ▀▀▄█ ▀█
█▄█ ▄█ ▄██  █  ██ ▄▀██  ▀█     ▀▀█▄█▄█ █▄   ▀██▄▄ ▄█▀▄▄█  █
███▄ ▀▄▄  ▄ ▀▀▄ ▀▄█  ▄█   █▀█▄ ▄▀█▀▄   ▀▄▄▀▄▀▀ ▀█▀ █ ▄ ██▄█
██ ██▀▀▄▄█▀▄█  ▀▀█ ▄█ █▀ ██▀██▄█▄▄   ▄▄▀ ▀███▀▀▄▄▄▀ █▀ █▄ █
█▄█▀▀ ▄▄▄ ▀  ██ ▀ ▄▄▀▀█▄█▄█ ▄▄▄ ▀ ▀ █▀▀▄▄ ▀   ▀█▀ ▄▄▄ ▀▀▀██
█▀▀██ █▄█ ▀▄ █ ▀▀▀█▄██▀▀▄▄█ █▄█ █▄ ▀▀▀██ █▄██▄▀▀█ █▄█ ██▄▀█
█ ██▀  ▄▄▄██▄▄       ▀▄▀▀▀▄  ▄▄ █▄  █ ▀▀▀▀ ▀▄  █▄ ▄▄▄ ▄▄▄▀█
██▀ █▄▀▄ ██▀▄ ▀██▄ ▀▀▄  ▄ ▄▀▄█▀▀█▀ ▄██▀▄▄ ▀▀█▀█▄█ ▄ █▄  ▀▀█
█▄▄ █ ▀▄█▀▄▄▄▄▀▀ ▀▀▀▄█▀█ ▀█▀▀█ ██▀█▄▄██▄█▄▄█▄ ▀ ▀  ▄▀ █▄▀▄█
█▄▄█▄▀▀▄███▀▀▀▄▄██▀ ▀█▀█ ▄████▀▀▄▀ █▄▄ ▀ █▄▄██▄███▀█ ▄▀▀▄██
█▄ ▄▀▀ ▄▀█▀█▄▄▀  ▄▄█  █▀▄▀█▄ ▄▄█▀█▀█ █▄ ▄▄▀▀██▄▀▄█▀▀██ ▀█▄█
█ ▄▀█ █▄ █▄▀▄▄██ ▀ ▀ █▄▀▀█▀  ▀▀▀█▄▄▀███▄▄█▄▄   ▀ ▀▀█▀▀█▄▀ █
█▀█▄▄▄ ▄▀ ▄██ ▀   █▄ ▀█ █▄██▀▄█ ▀▀▀█▄▄█▄   ▀█ ▄▄▀ ▄▀  ██ ██
█▄██▀▄█▄██ █▀▄█▀█▄▀▀▀█ █  ██▄▄ ██▀██▄█▀▄▀▄ ▀████▀▄  ▄▄▄▀▄▀█
█ ▀ ▀▀▄▄█▀▄  ▀  ▄█████ ▄▄▀ ▀█ ▀▀▀▄▀█ ▀▀▀█  █ ▄███▀▀ █  ▄  █
███████▄█ ▀██▀▄█▀██  ▀████  ▄▄▄ ▄█ ██▄█▀█▀█▄▄█▀▄█ ▄▄▄ █  ▄█
█ ▄▄▄▄▄ ██▀  █▀▄█▄▀▄█▄▀  ▀▄ █▄█  ▀█ ▀▄█ ██▄ ████  █▄█    ▀█
█ █   █ █▀▄█▀ ▀█▀█▀▀ ▄ █ ▀  ▄     ▀▀ █▄█ █ ▄    ▄    ▄▄▄▀██
█ █▄▄▄█ █ ▄▀▀ █▄  ▄▄▄▀▄▄█▀▀▀▀▀█▀▄   ▄ ▀▀█ ▄▄█ ▀█ ▄  ▄▀▄▄█▀█
█▄▄▄▄▄▄▄█▄▄█▄▄████▄█▄█▄▄▄▄██▄▄███▄██▄███▄▄▄███▄██▄▄████████

⚠️  wa_session update gagal: ER_ACCESS_DENIED_ERROR
📱  Scan QR ini dengan WhatsApp di HP kamu:
▄▄▄▄▄▄▄▄▄▄▄▄▄▄▄▄▄▄▄▄▄▄▄▄▄▄▄▄▄▄▄▄▄▄▄▄▄▄▄▄▄▄▄▄▄▄▄▄▄▄▄▄▄▄▄▄▄▄▄
█ ▄▄▄▄▄ █▀ ▀ █▀███ ▄ ▀██▄▄▄█▄▄▄ ▀ ▀▀█▄ █▀▄ ▄▀▄▄▄ ██ ▄▄▄▄▄ █
█ █   █ █▀▄ █  ██▄  ▄██▄  ▀█▄██▄▄▄█▄ ▀▀▄▄▄▀▄ █ ▄ ██ █   █ █
█ █▄▄▄█ █▀▀█▀ █▄▄██▄▄ ▀▀▀ █ ▄▄▄ ██▀▀   ▀▄█▄ ▄█▀▀▄██ █▄▄▄█ █
█▄▄▄▄▄▄▄█▄▀ █ ▀ ▀▄█ ▀ ▀▄█ █ █▄█ ▀▄█ ▀▄█▄▀ █▄▀ ▀▄▀▄█▄▄▄▄▄▄▄█
█▄ ▄▄ █▄  ▀▀▄▀ █▄▄▄ ▀█▀█▄▀ ▄ ▄  ▀█▀█▀▄ ▄█▀▀  ▀██ ▀ █ ▀▄▀▄██
█▄▀▀▄▀█▄███▀██▄ ▀▄▀ ▀▀▀ ▄ ▄█▄ ▀█▀▀ ██ █▄█▄▄▀▀  █▄ ▄▄▄▀▀▀ ▀█
█▄  █ ▀▄███▀ █▄▄▀▄▀ ▀▄▀▄▀   ▄█▀█ █▀▄  ▀▄██▀▀▄█▄█ ▀ ██▀█▄▀▀█
█▀ ▄▄ █▄▄  ▄▄ ▀▄█▀ ▄ ▀▄█▄█ █ ▄█▄▄█ ▄ ██▄██▄ ██▀███▀▄█▀▄  ██
████ ▀ ▄▀▀▀▀ ▀▄█▄█ ▄▀██▀▄▀▄█▀    ▀▀▄  ▀▄█▀▀  █▄▄ ▀▀▄ ▀ ▀▄▀█
██▄█   ▄▀▀▄█ █▀█▀ ▀▄█▄ ▀▀▀▀▄▀  █ ▀█▄▄ █▀▄ █▄▄██▀██▀▄█▀ ▀ ▀█
█   █▀▀▄▄█▀▀██▀█▄▀▄ ▄█▀▀▀▄▀ ▀▀  ▀██▄ ▄▀█ ▀ ▀▄▀▄█▄▀█▄ █▄▄  █
█ ▀██▀▀▄▄█ ██ █▀▄ ▄█▄█ ▄▀█▀   ▀▀▄▄▄  ▄▄ ▀▀ ▀▄▀██▄▄▄▄▀ ▀ ▀██
█▀ ▀▀ ▀▄ ▀▀▀ █▀ ██▄ █▄▀▀▄▀▀█▀█ ▀▄ ▄ ▄ ▄█▄▀▀▀███▄▄▀▀█▀█▄▀▄▄█
██▄▀  ▄▄▄ ▄▄█▄   ▀▄█ ▀▄███▄ ▄▄▄    ▀█ ▄▄█▀▀▀▀  ▄  ▄▄▄ ▀  ██
█▄█▀  █▄█ █▀▀  █▄█▄▀▀▄▄██▀▀ █▄█ ▀██▄ ▄ ▄█▀▀▀▀██▄▄ █▄█ ▄▀  █
█ ▄  ▄ ▄▄ ▀█   ▄▄ ██ █▀▀███▄▄▄ ▄█ ▄ ▀ ▄█▀▀▀█▄▄█▄█▄▄▄  ▀▀▄██
█ ▀  █▀▄█ ▄ ▄▀ █ ▄ ▄▀█▀▀▀▀█▀██▀ ▄▀▀█  ▀▄▄▀▄▀ ▀▄██▄█ ▄▄  ▄██
█▀█▀▄▄ ▄█ ▀ █▀█    ▄█▀▄▀▀ ▀ ▀▄▀ █   ▄▄▀▄█▄▄▀▀ █▄▀█▄█▄ ▄▀ ▀█
█  ▀ ▀█▄█▀▀▀█ ▄ ▀██▄▀▀██▄ █▀▀█ ▄ ▀▄█ ▄ ██▀  █▀ █▀▀▀▀▄▄███▀█
██▀▄   ▄ █▀▄█ ▄▄▀█▄▄▀ ▄ ▄ ▄▄▀█  ▀▄ ▄▀██ ▄▄▀ ▄▄█ ▄▄ ▀▄▄  ▄▄█
██   ▄▀▄▄▄█  ▀▄ ██▀▄▄▄▀█  █▀██ ▄▀█▀█▄ ▀█▀▀█▀▄▀██▀▄█▀▄█ ▀█▀█
███  ▀▄▄▀▄   █▄ ▄ ▀  █▀ ▀ █▀█▄▀▄▀██▀  █ ▄ ▄██▄  ▀▄▄█▄    ▀█
██▄▄▄▀█▄▄▀█▄▀██▄▄█▀  █▀▄ ▀█▀██ ▄▄▀▄▄▄▄▀▄ █▀▀▄█▄██   ▀▄█▀█▀█
█ ▀ ▀▀▄▄ ▀▀▄▀▄▄▀▀▀▀▀▀▄█ █▄▄▀ ▄ ▄██▄ █▄█▀  ▄█▄█  ██ ▀ █ ▀▄▀█
███████▄█ ██▀█▄▀▄█▀▄ ███    ▄▄▄ ▄▀▄█   █ ▀▀ ▄███▀ ▄▄▄  ▄▄ █
█ ▄▄▄▄▄ █▄ ▀ ▄ ▄██▀██▀ ▀▀ █ █▄█ ██▄▀▄▄▄  ▄█ █▄▄▄█ █▄█  ▀ ██
█ █   █ █ ▀▀▀██▄▄▀ ▄▄██▀▀▄▄ ▄  ▄▄▀▄█▀▄ ▄▀▀▀▀ ▀█▄█▄▄  ▄█▀███
█ █▄▄▄█ █ █ ▀▄ ▄▄   ▄█ ▄▀█▀█▄█▀██▄▄ ▀█▀█▀▀  ▄███▄  ▄██  ███
█▄▄▄▄▄▄▄█▄▄▄▄█▄▄▄▄▄▄████▄█▄████▄▄▄▄▄▄▄▄███▄▄▄██▄████▄██▄▄██

⚠️  wa_session update gagal: ER_ACCESS_DENIED_ERROR
📱  Scan QR ini dengan WhatsApp di HP kamu:
▄▄▄▄▄▄▄▄▄▄▄▄▄▄▄▄▄▄▄▄▄▄▄▄▄▄▄▄▄▄▄▄▄▄▄▄▄▄▄▄▄▄▄▄▄▄▄▄▄▄▄▄▄▄▄▄▄▄▄
█ ▄▄▄▄▄ █ █▀ █▄▀ ▀ █  ▀▄  ▀ ▀▄▄ ▄█▄▀██▀▄▀█▀▄▄▄▀▄ ██ ▄▄▄▄▄ █
█ █   █ █ ▄█ █ ██ █████▀▄█▀█▄  ▀▄▄█▀▄█▀▄▀▀▄▀▀█ ▄ ██ █   █ █
█ █▄▄▄█ █▀ ▀ ▄ ▀▀██▄▀█▄▀▀   ▄▄▄ ▀▀▄▀▄▀█▄█▀▄ ▄▀▄▀▄██ █▄▄▄█ █
█▄▄▄▄▄▄▄█▄█▄▀▄▀ ▀ ▀▄▀ ▀ ▀▄█ █▄█ ▀▄█▄█ █▄▀▄▀ ▀ ▀ █ █▄▄▄▄▄▄▄█
█▄▄▀▀▄▄▄▀█▀▄█▄█ ▀▄▄ ▄ ▄█▄▀█ ▄▄  ▄ ▄█▀▄█▀ ▀▀ █▄ █▀▀█▀▄▀▄   █
█▀▀▀▄▄▀▄▀█▄█▄█▄ ▀▀▄█▀▀▀█▀█▀█▄█▄ ▀▀ ▄ ██▄█▀█ ▀ ▄ ▄▄▄▄▄▀▄▄ ▀█
█▄█▀▀ ▀▄█ █▄ █▀▀▄▄▀ ▄▀▄▄▀ ▄█▀▀▀██ ▀▄  █▀ █▄ ▀  ▄▀▀█  ▀▀ ▄▄█
█▀▀  █ ▄▄▀ ▀▀█▀▄█▄▄▀ ▀ ▀▀  █▀▀ █▄█▄▀█▄█▀█▄█▄█▀▀   ▀▄▄▄██ ██
███ ▀▀ ▄▄▄▄▀ ▀▀  █  █ ▄▀▄▀▀ ▄ ▀▀█▄▄▄ ▄▄ ▄▀ ▀█▄▀▄ ▀▄▀█▀ ▀▀ █
█ █▄▄▀▀▄▀▀▄ █ ▀█ ▄▄▀▄█ ▄█▄▀▄▀██  ▀█▀█ ▄ █ ▀▀██▄▄  ▀▄█▄█▄ ▀█
██▀█ █▄▄▀ ▄▀▀▄▄ ▀▀▄ ▀ ▄▀▀▄▄█▄▀  ▀▄ ▄▄ ▄  █ ▀█ ▀█▄▀ ▀██▄▄█▄█
██▀██▄▄▄ ███▄▀ █▄█▀ ▄█ ▀▄ ▀  █▄▄█▄▄█▄ ▄  ▄█▄▄▀█ ▀▀ ▄▀█▄█▀██
█▀█▄▄▀▀▄▀▀█▄  █▄ █▄  ▀▄▀▄▀▄ ▄█ ▀▀█▀ ▄ ▀ ▀▀▀▀   ▄ ▀▄▀▄█▄▀▀▀█
█ ▄▀  ▄▄▄ █▀█▄ ▄ ▄▀  ▀▄     ▄▄▄   ▄▄ █ ▄█▄ ▄▀  █▄ ▄▄▄ ▄█ ██
█▄ ▀▀ █▄█ █▀▀ ▀ ▀█▄▀▄▀▀██▀  █▄█ ▄ ▀█ ▄▄▀ ▀▀ ▄ ▀█▀ █▄█ ▄████
█▄▀▀  ▄▄  ▀ ██ ▄▄██▀ █▀▄  ▄ ▄ ▄ █ ▄▄ ██ █  █▄  ▀█ ▄    █▄██
█ █▀▄█▀▄█▄▀ ▄▀█ ▄▄▀▄▄ ▀▀ ▀ ▄▀▄▀ ▀▄▄█▄ █ ▄█ ▀▀  ▄█▄ █ ▄ ▀▀▄█
█▄ ▀█▀█▄█▄▀█ ▄█ ▀▀█▀▄▄▄▄█▄▀  ▀▄█▀▄ █▄▄ ▄▀▄▀█▀██▀█ ▄█▀ ▀▄▄██
██▀▄█▀█▄ ▄▄▀█▄▀█▄██▄▄▄ █▄  ▄▄█▀▄█▄▀█  █ ▄▀  █ ██▀▀▄▄▀▄██ ▄█
█ ▀▄ ██▄ ██▀▄█  ▀ ▀▀▀ ▄█▀█▄▄▀ ▀▀ █ ▀▄▀█ ▄▀▄█████▀▀ ▀▄▀██▄▄█
███████▄▀▀██  ▀  █▀▄▀▀▄█   ▄ █ ▄▄ ▄█▄ ▄ ▄▀█▀▀▄ █▀▄  ▀█▄▀ ▄█
█ █  █ ▄▀▄█▄ ▀ █▄█▄█ █▀█▄█▀▀█▀▄▀▀█▀ ██▀ ▄█▀ █▄ ▀▄▀▀▀▄██▄ ▀█
██▀   ▀▄██▄▀▀█▀█▀█▀ █ ▄▄ ▀ ▄ █ ▄▀▄ █▄▄█▀██  ▀ ▄███▀█▄▄▄▄ ▄█
█ ▀ ▀▀▄▄█▀▀▀▄▀▄▀▀▄ ▄▀▄▀  ▀▄▄ ▀█▀████▄▀▄▄▄▀█▄ █▀▀▄▀▄▀██▄█▄▀█
███████▄▄▀ █▀█▀▄▀█▀▄█▀▄█▄▀█ ▄▄▄ ▀▄▀█  █▀▄▀ ▀█ █▄▀ ▄▄▄ ▀████
█ ▄▄▄▄▄ █▀ ▄█▀ ▄█ ▄  █ ▄▀██ █▄█ ██▄▄▀ █▀▄▀ ▄▄▀█▀▄ █▄█ █▄ ██
█ █   █ █▄▄▀▄▀ ▀▀▀ ▄▀  ▀▀▄▀▄ ▄ ▄▀▄▀█▄▄█▀ █▀▀▀  ▄█▄ ▄ ▄█▀  █
█ █▄▄▄█ █▀▄▄▀█▄█▄███▄█ ▀▄ ▀█▀▄▄ ▄█▄██▀▀█ ████▄█ ▀█ ▄▀ █████
█▄▄▄▄▄▄▄█▄██▄▄█▄█▄▄▄▄▄▄█▄██▄▄▄█▄███▄▄▄█▄▄█▄▄█▄▄▄██▄▄███▄█▄█

⚠️  wa_session update gagal: ER_ACCESS_DENIED_ERROR
⚠️   Terputus (408). Reconnect: true, delay: 6000ms
⚠️  wa_session update gagal: ER_ACCESS_DENIED_ERROR
📱  Scan QR ini dengan WhatsApp di HP kamu:
▄▄▄▄▄▄▄▄▄▄▄▄▄▄▄▄▄▄▄▄▄▄▄▄▄▄▄▄▄▄▄▄▄▄▄▄▄▄▄▄▄▄▄▄▄▄▄▄▄▄▄▄▄▄▄▄▄▄▄
█ ▄▄▄▄▄ █▀▀██▄▄▄▀██▀ ▀█▄█▄ █▄   █ ██▄ ▄▀ █▄  ▄▄▄ ██ ▄▄▄▄▄ █
█ █   █ █▀  ▄█ █▄█▀▀█▄▀█▀▀▀█▄██▀▀█▀█▀ ██▄▄█▄▀▄ ▄ ██ █   █ █
█ █▄▄▄█ █▀ ▀▄▀▄▀▄███▄  ▄▀ █ ▄▄▄ ▄██▀██▄██▄▀▄▄▄▀▀▄██ █▄▄▄█ █
█▄▄▄▄▄▄▄█▄█▄▀▄█ ▀▄█▄▀ ▀▄█ █ █▄█ ▀▄█ ▀▄▀ ▀ █▄▀ ▀ ▀▄█▄▄▄▄▄▄▄█
█  ▄ ▄█▄▄ ▄  █ ███▀▄ ▄▀▀ ▀▄▄▄   ▀█▀██ ▄▄██  ████▀  █ ▀▄▀ ▀█
█ ▀█▄▀█▄ ▀ ▄██▄ ▀▄▀ ▀▀▀  █▀██▄ ▄▀█ ▀▄   ▄ ▀ ▀▄▄█  ██  ▀▀███
█▄ ▀▄▀▀▄▄▀▀█ ▄▄▄▀▄▀  ▄▀▄  ▀▀▀▀▀█ ▀▄▄ ▄▄█▄█▀ ▄██▄▀ ▀█▀▀▀ █▄█
█▄▀ ▀█▀▄▀█▄█ ▀█ ▄▄ ▄██ ▀██▀█ ▄█  ▄▄█▀ ▄ ▄ █▄ ▀▀▀ ▀▄▀ ▀  ▄▀█
█▄ ▄ ▀█▄  █ ▀ ▀▀█▄▄▄▀▄█▀ ▀▀▄▀  ▀▄▀▀█▄  ▄▄█▄ ▄█▄█▀▀ ▄▀▀██▀▀█
█ █▀ █▄▄▀▀▄▄ ▀▀█▄█▄▄▄ █ ▄▀ ▄▀▄█▄█ █▄▄█▄ ▀▀▄▀▄▀▄  ▀▀▀██ ▀█▀█
██▄▀▄█▀▄  ▄█▀ ▀█▄▀▄▄▄███▀▄▀ ██  ▄▀██  ▀▄▀▀▄ ▄▀▄█▄▀▀▄▀▀▄ ▀▀█
██ ▄▀▄▄▄▀ █▄█▀▀█▄ ▀ ▄███▀█▀ ▀▀▄▄█▄▄▀ ▄▄▄▄▀▄██▄▄ ▄▄█▀▀▀ ▀▀██
█▄▀▄█ █▄█▀  ▄▄ ▄▄▄▄ █▄▀█▀▀▀▀ █  ▄ ▄ █ ▀▄▄▀   ▀█▄▀  ███▄▀▄ █
█▀▀▄▀ ▄▄▄ █▀▄█▄▀▀█▄█ ▀▄█▀▄█ ▄▄▄ ▄  ▀ ▄█▄█  █ ▀██▀ ▄▄▄ █ ▄██
█▄▄ ▄ █▄█  ▀▀ █▄██▄▀ █▄█▀ ▀ █▄█ ▄▀██▀▄ ▄█▀▀ ▀▀██  █▄█ ▄█▀ █
█▄▀▄▀▄ ▄  ▄▄▀▄▀▄▀  ▄ ▄▀██ ▀ ▄▄▄▄▄██▀▄  █▄▀ ▀▀ ▄ ▄▄▄▄   ▀▀██
█▄█▀▀ █▄▄▄▄▀█▄ ▀▀▄▄▄█▄▀█  ▄▄▄█▀  █▀█   █ █▀▀▄██▄▀ ██▄▄▀ ▀ █
█▀ ▀██ ▄▄  ▀▀▄▀▀▄▄▀█▄ ▀█▀  ▀▄▀▀ ▀ ▄▄▀▄ ▄█▀▀▀▀ ▄ ▀▀▄█ █ ▀▀▀█
█▀ ▄▀▄▄▄▀▀ ▄▀█▄ ▀█▄▄▀▀█▀▄ █ ▀█▄▄▄▀▄██ ▄██▀ ▀ ██▄▀ ▄▄▄███▄▀█
█▀▀  █▀▄▀ ▄  ▄ ▀▀█  ▀  ▀▄ ▄▀▀█▄▄▀▄▀█▀▀▄  █▀▀▄█▀█▄▄▄█▄▄▀▀▄▄█
█ ▄▄▀ ▄▄█ ▄   ▄█▀▄ ▄▄▄▀█▀▀█▀█▄█ ▀█▀█ ▄▄▄▀▀ ▀ ██▄▀█▄▄▄█▀▀▀▀█
███▄▀▄ ▄█▀  ▄▄ ▄█ ▀  █▀ █▀█▀▄▄▄ ▀▀▀█▄▄▀▄▀▄█▀▄█▀ ▀▄ ▀▄█  ▀██
█▄ ▀█▄ ▄█▀▀▄▄  ▀▄█▀  ▄▀▄▄▀▄▄█▄█▀▄▀▀█▄ ▀▄█▀▀  █▄█▀▀▀▄▀▄▀█ ▀█
█ ▀ ▀▀▄▄ ▀▀▀▀▀▄▀█▄▄█ ▄▄ ▀▀▄ ██▄▄█▀▄ ▄ ▄▄▄▄  ▄▀▄█▀▄▄█▀ ▀ █▀█
███████▄█▀▀█▄█  ▄▄▄ ▀▄▄▀▀▀  ▄▄▄  █ █▄▄ ███▄  ▀██▀ ▄▄▄ ▀ ▀▀█
█ ▄▄▄▄▄ █▄ ▀▀▀ ▀▀ ▄ ▄▄    █ █▄█ ▀▄▀▄▀█ ▄ ▄▄▀▄▀ ▀  █▄█ █▀▀▀█
█ █   █ █ ███▀▄▄▄▀▄ ▄█▀█▀▄     ▄ ▀██▀▄ ███▄▀ █▄▄▀▄  ▄▄ ████
█ █▄▄▄█ █ ▄█▄▀█▄▄ ▄▄▄█▄▀▀█▄██▀▀██▄█▀ ▄▀▀ ▄██ ▀▀▄   █▀▀▀▀███
█▄▄▄▄▄▄▄█▄▄█▄███▄█▄▄▄█████▄█▄██▄▄▄▄▄█▄▄▄████▄██▄█▄▄██▄█▄▄██

⚠️  wa_session update gagal: ER_ACCESS_DENIED_ERROR
📱  Scan QR ini dengan WhatsApp di HP kamu:
▄▄▄▄▄▄▄▄▄▄▄▄▄▄▄▄▄▄▄▄▄▄▄▄▄▄▄▄▄▄▄▄▄▄▄▄▄▄▄▄▄▄▄▄▄▄▄▄▄▄▄▄▄▄▄▄▄▄▄
█ ▄▄▄▄▄ █▀▀██▄▄▄▀██▀▄▀█▄ ▄ █▄   █ ██ ▀▄█▄▀▀▄▀▀▄▄ ██ ▄▄▄▄▄ █
█ █   █ █▀  ▄█ █▄▄▀▀██▀█▀▀▀█▄██▀▄▄▀█▀ ███▄█▄▄▄ ▄ ██ █   █ █
█ █▄▄▄█ █▀▄▀▄▄▄▀▄███▄  ▄▀ █ ▄▄▄ █▄█▀ ▀▄███▀▄▄▄▀▀▄██ █▄▄▄█ █
█▄▄▄▄▄▄▄█▄▀▄█ █ ▀▄█▄▀ ▀▄█ █ █▄█ ▀▄█ ▀▄▀ ▀ █▄▀ ▀ ▀▄█▄▄▄▄▄▄▄█
█  ▄ ▄█▄  ▄█   ███▀▄ ▄▀▀ ▀ ▄▄   ▀█▀██ ▄▄██  ████▀  █▄█▄▀ ▀█
█ ▀█▄ █▄█▄█▄▄█▄ ▀▄▀ ▀▀▀  █ ▄▀  ▄▀█ █▄  ▄▄ ▀ ▀▄▄██▄█▄█▀▀▀███
█▄ ▀▀▀▀▄████ ▄▄▄▀▄▀  ▄▀▄  ▀ ██▀█ ▀█▄ ▄ ▄▄█▀ ▄█▄▄▀▀▀█▄▀▀▄█▄█
█ ▄▀██▀▄▀█▄█ ▀█ ▄▄ ▄██ ███▀█ ▄█  ▄ ▀▀ █   ▀▀▄█ ▄█▀▄▀  ▀▀▄▀█
█ ▄█▀▀█▄  █ ▀ ▀▀█▄▄ ▄▄▀██▀▀▄▀ ▀ ▄▀▀█ ▄▀██▀ ▀ ██▄▀▀ ▄▀▀█▄███
█▀▀ ▀▀▄▄▀▀▄▄ ▀▀██ ▄▄▄▄█ ▀▀ ▄▀▄▄▄█▄█▄ ▀█▀█▄█▀▀ █▀ ▀▀███ ▀ ▀█
█▀ ▀▄▄█▄  ▄██ ▀█▄▀▄▄▄███▀▄▀ ██   ▀██  ▀▄██▄  ▀▄█▄▀▀█▀▀▄ ▀▀█
██ ▄▀ ▄▄▀ ▄▀▄  ▀▄ ▀ ▄███▀█▀ ▀▀▄▄▄▄▄▀▀█▄▄▄▀▄█▄█▄ ▄▄███▀ ▀▀██
█▄▀▄█▀▄▄▄▀▀█▀▀██▄▄▄ █▄▀█▀▀▀█ █  ▄ ▄ █ ▀▄▄▀   ▀█▄   ▄██▄▀▄ █
█▀▀▄▀ ▄▄▄ ▄   █▄▀█▄█ ▀▄█▀▄█ ▄▄▄ ▄ ▄▀ ▄▀▄█  ▀ ▀██▀ ▄▄▄ ▀ ▄██
█▄▄▀█ █▄█ ▀█▀   ██▄▀ █▄█▀ ▀ █▄█ ▄▀▀█▀▄▀▄█▀▀ ▀▀▀▄▀ █▄█ ▀ ▀ █
█ █ ▄ ▄▄ ▄▄▄▀▄▀▄▀ ▄▄ ▄ ▄█ ▀▄▄▄▄▄▄██ ▄ ▄  ▀▀▄▀   █▄ ▄ ▄▀ ▀██
█▀▄█▀ █▄▀▀▄▀█▄ ▀▄█▄ ▀██▀▄▀▄▄▄█▀  █▀█  ▀▄█▀█ ▄▀██▀▄██▄█▀ ▀ █
██▀█ █ ▄ █ ▀▀▄▀▀▄ ▀█▀▀▀█▄  ▀▀█▀ █▄▄▄▀█▀█▄█ ▀▄▀█ ▀▀▄█▄▄ ▀███
█▄ ▄▀▄▄▄▀▀ ▄▀▄▄ ▀█▄▄▀▀█▀▄ █ ▀█▀▄▄█▄█▀ ▄█▀▀ ▀▄▀█▄▀ ▄▄▄███▄▀█
█▀▀  █▀▄▀ █▀▄▄▀█▀█  ▀  ▀▄ ▄▀▀█ ▄▀▄▀█  ▄  █▀▀█▄▀█▄▄▄█▄▄▀▀▄▄█
█ ▄▄▀█▄▄█ ▄  ██▄▀▄ ▄▄▄▀█▀▀█▀█▄█ ▀█▀█ ▄▄▄▀▀ ▀ ██▄▀█▀▀▄█▀▀▀▀█
███▄▀▄█▄█▀▀█▀██ █ ▀  █▀ █▀▀▀▄▄▄ ▀▀██▄▄█▄▀▄██▄█▀ █▄▄█▄█  ▀██
█▄ █▀▄▄▄ ▀▀ ▄ ▀█▄█▀  ▄▀▄▄▀▄▀█▄█▀▄▀▄▄▄ ▀▄█▀ ▀ ██▄█▄██▀▄▀  ▀█
█ ▀ ▀▀▄▄▀█▀▀▀▀▄▀█▄ ▄ ▄██▀▀█▄██▄▄█▀▄ ▄ ▀ ▄ █  ███▀█▄▀██ ▀█▀█
███████▄▄ ▀█▄█  ▄█▄▄▀███▀   ▄▄▄  █ █ ▄▀█▀█▄▀ ██▄▀ ▄▄▄ ▀▀█▀█
█ ▄▄▄▄▄ █▄ ▀▀▀ ▀ ▄▄ ▀▄  ███ █▄█ █ ▀▄█ ▀█▄▀▄▀ █  ▄ █▄█ █▀▄██
█ █   █ █ ██ ▄▄▄▄▀▄ ▄█▀█▀▄   ▄ ▄ ███▄  █▄▀▄▀ █▄▄ ▄   ▄ ██▄█
█ █▄▄▄█ █  █▄ █▀▄ ▄▄▄█▄▀▀█▄█▀▀▀█▄▄█▀▀█▀▀▀▄██▀▀▀▄   ██▀▀▀███
█▄▄▄▄▄▄▄█▄██▄▄█▄▄█▄▄▄█████▄█▄██▄▄▄▄▄█▄▄▄████▄██▄█▄▄█▄▄█▄▄██

⚠️  wa_session update gagal: ER_ACCESS_DENIED_ERROR
📱  Scan QR ini dengan WhatsApp di HP kamu:
▄▄▄▄▄▄▄▄▄▄▄▄▄▄▄▄▄▄▄▄▄▄▄▄▄▄▄▄▄▄▄▄▄▄▄▄▄▄▄▄▄▄▄▄▄▄▄▄▄▄▄▄▄▄▄▄▄▄▄
█ ▄▄▄▄▄ █▀▀██▄██▀▀▄▀ ▀▄▄ ▄ █▄   █ ▀▀▀▀▄█▀▀▄▄ █▄▄ ██ ▄▄▄▄▄ █
█ █   █ █▀   ▀ ███▀▀██▀█▀ ▀█▄██▀▄▄▀█▀▀███▄█▄ ▄ ▄ ██ █   █ █
█ █▄▄▄█ █▀▄▀▀█▄▀▄███▄  ▄▀ █ ▄▄▄ ▀██▀▄ ▄███▀▄▄█▀▀▄██ █▄▄▄█ █
█▄▄▄▄▄▄▄█▄▀ █ █ ▀▄█▄▀ ▀▄█ █ █▄█ ▀▄█ ▀▄▀ ▀ █▄▀ ▀ ▀▄█▄▄▄▄▄▄▄█
█  ▄  █▄  ▀▄█▀ ███▀▄ ▄▀▀ ▀ ▄▄   ▀█▀██ ▄▄██  ████ ▀ █▄▀▄▀ ▀█
█ ▀█▄ ▄▄▄  ▄█▄▄ ▀▄▀ ▀▀▀  ████  ▄▀█ ▀▄  ▄▄ ▀ ▀▄ ▀▄▄▄█▀▀▀▀███
█▄ ▄█▀▀▄ ▀██ ▄▄▄▀▄▀  ▄▀▄    ▄█▀█ ▀██ ▄▀█▄██ ▄███  ▀█▀▀█ █▄█
█ ▄█▀█▀▄▀▄▄█ ▀█ ▄▄█▀███ ██▀█▀██  ▄▀▀█▄██ ▄ ▀ ▀██▄ ▄▀▀▀▀▀▄▀█
██ ▀ ▀█▄  █ ▀ ▀▀▄▄▄ ▄▄█▀▀ ▀▄▀   ▄▀▀▄▄▄▀▄██  ▀███▀▀ ▄▀▀███▀█
█▄▀▄▀▀▄▄▀▀▄▄ ▀▀█▄▀▄▄▀▄█ ██ ▄▀▄█▄█▄█▄▄▄▄▀▄ █ ▀ █  ▀▀███ ▀ ██
█  ▀▄▄█▄  ▄██ ▀█▄▀▄▄▄███▀▄▀ ██  ▄███▄▄▀▄ ▀▄ ▀█▄█▄▀▄▄▀▀▄ ▀ █
██ ▄▀▄▄▄█▄█▄█ ▄█▄ ▀ ▄███▀█▀ ▀▀▄▄█▄▄▀ █▄▄█▀▄██▄▄ ▄▄▄▄▀█ ▀▀██
█▄▀▄█▄▀▄▄▀▄▄▀▀▄█▄▄▄ █▄▀█▀▀█▀ █  ▄ ▄ █ ▀▄▄▀   ▀█▄ ▀ █▀▀▄▀▄ █
█▀▀▄▀ ▄▄▄ ▄█ ▀█▀▀█▄█ ▀▄█▀▄▀ ▄▄▄ ▄  █ ▄▀▄█  ▀ ▀▀█▀ ▄▄▄ █ ▄██
█▄▄ ▀ █▄█ ▀▀▀ ▀███▄▀ █▄█▀ ▀ █▄█ ▄▀▀▄▀▄ ██▀ ▀▀▀██▄ █▄█ ██▀ █
█ ▄▄▄▄ ▄▄ ▄▄▀▄▀▄▀ ▄▀ ▄███  ▄▄▄▄▄▄█▄ ▄▄▀█▄█▄██  ▄  ▄▄  █ ▀██
█▀██▀ █▄▄ ▄▀█▄ ▀▄▄  ▄▄█▀▀ ▄▄▄█▀  █▀█▄ ▀▄▀▀   █▄██████▄ ▀█▄█
██ ▀██ ▄█▀ ▀▀▄▀▀▀ ▀█▀▄▀█   ▀▀█▀ ▀▄▄▄▄▄▀█ █▀▀█▄█ ▀▀▄███ ▀▄██
█ ▀▄▀▄▄▄▀▀ ▄  ▄ ▀█▄▄▀▀█▀▄ █ ▀█▄▀ █▄█▄▄▄█▀█ ▀ ██▄▀ ▄▄▄███▄ █
█▀▀  █▀▄▀ ▄  ▄██▀█  ▀  ▀▄ ▄▀▀█▀▄▀█▀█▀ ▄  ▄▀▀▄█▀█▄▄▄█▄▄▀▀▄▄█
█ ▄▄▀██▄█  ▀▀▄▄ ▀▄ ▄▄▄▀█▀▀█▀█▄█ ▀█▀█ ▄▄▄▀▀ ▀ ██▄▀█▀▀▄█▀█▀▀█
███▄▀▄▄▄█▀▀ ▀▀▄██ ▀  █▀ █▀█▀▄▄▄ ▀▀█▀▄▄▀▄▀▄██▄█▀ ▀▀ ▀▄█ ▀▀██
█▄    █▄█▄██▄ █▄▄█▀  ▄▀▄▄▀█ █▄█▀▄▀█▄▄ ▀██▀   █ ███▄▀▄██▄ ▀█
█ ▀ ▀▀▄▄ ▄▀▀▀▀▄▀█▄█▄ ▄██▀▀█ ██▄▄█▀▄ ▄ ▀ ▄▄▀  █▀ █▄▄█▀▀▀ █▀█
███████▄█▀▀█▄█  ▄█  ▀█▀▀    ▄▄▄  █ █▄  ███  ▄▀███ ▄▄▄  ▀███
█ ▄▄▄▄▄ █▄ ▀▀▀ ▀█▄▄  ▀  ▀▀█ █▄█ █ ▀▄ ▄▀▄ ▀▄ ▀█▀   █▄█ █▀ ▀█
█ █   █ █ ██▀▄▄▄▄▀▄ ▄█▀█▀▄   ▄ ▄▄▀██▀  █▀▀▄▀ ▀▄▄▀▄   ▄ █▄▄█
█ █▄▄▄█ █ ▄▄▀▀█▄▄ ▄▄▄█▄▀▀█▄█▀█▀█▄██▀ ▄▀▀ ▄██ ▀▀▄   █▀▀▀▀███
█▄▄▄▄▄▄▄█▄██▄▄██▄█▄▄▄█████▄████▄▄▄▄▄█▄▄▄████▄██▄█▄▄█▄██▄▄██

⚠️  wa_session update gagal: ER_ACCESS_DENIED_ERROR
📱  Scan QR ini dengan WhatsApp di HP kamu:
▄▄▄▄▄▄▄▄▄▄▄▄▄▄▄▄▄▄▄▄▄▄▄▄▄▄▄▄▄▄▄▄▄▄▄▄▄▄▄▄▄▄▄▄▄▄▄▄▄▄▄▄▄▄▄▄▄▄▄
█ ▄▄▄▄▄ █▀▀██▄████▄▀▀▀█▄▄▄ █▄   █ ▀█ ▀ █   ▄█▄▄▄ ██ ▄▄▄▄▄ █
█ █   █ █▀  ▄▀ █▄█▀▀█▄▀█▀ ▀█▄██▀▄▄▀█▀ █████▄▀█ ▄ ██ █   █ █
█ █▄▄▄█ █▀ █  ▄▀▄███▄  ▄▀ █ ▄▄▄ ▀▀█▀█▄▄█▀█▀▄█▄▀▀▄██ █▄▄▄█ █
█▄▄▄▄▄▄▄█▄▀▄█▄█ ▀▄█▄▀ ▀▄█ █ █▄█ ▀▄█ ▀▄▀ ▀ █▄▀ ▀ ▀▄█▄▄▄▄▄▄▄█
█  ▄  █▄▄▄▀█▄▀ ███▀▄ ▄▀▀ ▀ ▄▄   ▀█▀██ ▄▄██  ████▀  █▄▀▄▀ ▀█
█ ▀█▄▀█▄▀▀   ▀▄ ▀▄▀ ▀▀▀  █▀██▄ ▄▀█▄▀▄ ▄▄▄ █ ▀▄ ███▄▄ ▄▀▀███
█▄  ▄▀▀▄  ▀█ ▄▄▄▀▄▀  ▄▀▄  ▀ ▀▀▀█ ▀▄█ ▄▀▄▄█ ▀▄█▄█  ▀███▀▄█▄█
█▀█▀▀█▀▄ █▄█ ▀█ ▄▄▀ ███▀██▀█ ██  ▄█ ▀ ██ ▄█  ▀▄█ ▀▄▀  ▀ ▄▀█
█▄█ ▄▀█▄  █ ▀ ▀▀█▄▄ █▄▄▀ ▀▀▄▀ ▀▀▄▀▀█ ▄▀█▀█▀▀██▀▄▀▀ ▄▀▀▄██▀█
█▀█▄▀█▄▄▀▀▄▄ ▀▀█ ▀▄▄█▀█ ▄▄ ▄▀▄█▄█ █▄▀ █ █▀█ ▀ █  ▀▀███ ▀▄▀█
█▄▄▀▄▀▀▄  ▄█ █▀█▄▀▄▄▄███▀▄▀ ██   ███▄▄▀▄▀█▄ █▀▄█▄▀ █▀▀▄ ▀▀█
██ ▄▀▀ ▄▀▄▀▄███▄▄ ▀ ▄███▀█▀ ▀▀▄▄█▄▄▀ █▄▄▄ ▄█▄█▄ ▄▄ █▀▀ ▀▀██
█▄▀▄█ ▄▄ ▀▄▀█▄▀ ▄▄▄ █▄▀█▀▀█▀ █  ▄ ▄ █ ▀▄▄▀   ▀█▄▀▀███▀▄▀▄ █
█▀▀▄▀ ▄▄▄ ▄▀█▄  ▀█▄█ ▀▄█▀▄▄ ▄▄▄ ▄  █ ▄█ █  ▀ ▀█▀▄ ▄▄▄ █ ▄██
█▄▄   █▄█ ▄▄▀ █▀██▄▀ █▄█▀ ▀ █▄█ ▄▀██▀▄▀██▀▄ ▀▀█▄▄ █▄█ ▄█▀ █
█▄▀ ▄▄ ▄ ▄▄▄▀▄▀▄▀  ▄ ▄ ██  ▄▄▄▄▄▄██  ▄▄ ▄▀ ▀▀▄▀█    ▄▄  ▀██
█▄█▄█ █▄██▄▀█▄ ▀▄▄▄▄ █▀█▀▀▄▄▀▄▀  █▀██▄▀▄ ▀ ▀ ▀██▀▄██▀▄▀ ▀▄█
█▀▀  █ ▄   ▀▀▄▀▀ ▀▀█▀▄▀██▀ ▀▀█▀ ▀▄▄▄▄▄ █  ▀▀█▄▄▀▀▀▄█▀▄ ▀ ▀█
██ ▄▀▄▄▄▀▀ ▄▀ ▄ ▀█▄▄▀▀█▀▄ █ ▀█▀▄ █▄█  ▄██▀ ▀ ██▄▀ ▄▄▄███▄ █
█▀▀  █▀▄▀ ▄█▄▄█ ▀█  ▀  ▀▄ ▄▀▀█▄ ▀█▀█▀▀▄  ▄▀▀▄█▀█▄▄▄█▄▄▀▀▄▄█
█ ▄▄▀▀▀▄█  ▀█▄▀█▀▄ ▄▄▄▀█▀▀█▀█▄█ ▀█▀█ ▄▄▄▀▀ ▀ ██▄▀█▀▀▄█▀▀▀▀█
███▄▀█▄▄█▀ ▀▄▀▄██ ▀  █▀ █▀█▀▄▄▄ ▀▀██▄▄█▄▀▄██▄█▀▄▀▄▄▀▄█ ▀▀██
█▄ ▄█▄ ▄█▀ █▄ ▀ ▄█▀  ▄▀▄▄▀▄ █▄█▀▄▀█▄▄ ▀██▀█  █▀█▀█▄███▀▄ ▀█
█ ▀ ▀▀▄▄▄█▀▀▀▀▄▀█▄█▀ ▄▀▀▀▀█▄██▄▄█▀▄▀▄  █ ▄ █▄▀█▄█▄▀▀▀▄▀▀█▀█
███████▄▄▀▀█▄█  ▄▄ ▄ ▄▄▀ ▀  ▄▄▄  █ █  ▀▄▀▀  ▄▀███ ▄▄▄  ▀█▀█
█ ▄▄▄▄▄ █▄ ▀▀▀ ▀▄▄▄ ▄▄  ▄▄█ █▄█ ▀ ▀▄█  ▄▀▀▄▀█▀▀ ▀ █▄█ █▀███
█ █   █ █ ██▀▀▄▄▄▀▄ ▄█▀█▀▄  ▄  ▄▀▀██▄▄ █▀█▄▀▄▀▄▄▀▄  ▄  ██▄█
█ █▄▄▄█ █ █▀ █ ▄▄ ▄▄▄█▄▀▀█▄██▀▀█▄██▀ ▄▀▀ ███ ▀▀▄   ██▀▀▀███
█▄▄▄▄▄▄▄█▄█▄▄█▄█▄█▄▄▄█████▄█▄▄█▄▄▄▄▄█▄▄▄████▄██▄█▄▄████▄▄██

⚠️  wa_session update gagal: ER_ACCESS_DENIED_ERROR
📱  Scan QR ini dengan WhatsApp di HP kamu:
▄▄▄▄▄▄▄▄▄▄▄▄▄▄▄▄▄▄▄▄▄▄▄▄▄▄▄▄▄▄▄▄▄▄▄▄▄▄▄▄▄▄▄▄▄▄▄▄▄▄▄▄▄▄▄▄▄▄▄
█ ▄▄▄▄▄ █▀▀██▄▄▄▀█▄▀▀▀▄█▄  █▄   █ ███▀▄█▄▄▀▄█▄▄▄ ██ ▄▄▄▄▄ █
█ █   █ █▀   █ █▄▄▀▀█▄▀█  ▀█▄██▀ ▄▀█  ███▄█▄ ▄ ▄ ██ █   █ █
█ █▄▄▄█ █▀▄▀▄▄▄▀▄███▄  ▄▀ █ ▄▄▄ █▄█▀█ ▄█▄█▀▄█▀▀▀▄██ █▄▄▄█ █
█▄▄▄▄▄▄▄█▄▀▄█ █ ▀▄█▄▀ ▀▄█ █ █▄█ ▀▄█ ▀▄▀ ▀ █▄▀ ▀ ▀▄█▄▄▄▄▄▄▄█
█  ▄ ▄█▄  ▀▄█▀ ███▀▄ ▄▀▀ ▀▄▄▄   ▀█▀██ ▄▄██  ████▀▀ █▄█▄▀ ▀█
█ ▀█▄ ▄▄▀█▀▀ █▄ ▀▄▀ ▀▀▀  ██▄█  ▄▀█ █▄ ▄ ▄ ▀ ▀▄ ▀█ ▄█▀▀▀▀███
█▄ ▄▀▀▀▄▄▄█  ▄▄▄▀▄▀  ▄▀▄     █▀█ ▀█▄ ▄ █▄█▄ ▄█▀▄▀▀▀██▀█▄█▄█
██▄▀ █▀▄ ▄▄█ ▀█ ▄▄▄ ██▀▀██▀█▀██  ▄ ▄█▄█▀▄▄█▀ ██▄ ▀▄▀▀   ▄▀█
██▄█▄▀█▄  █ ▀ ▀▀██▄▄▀▄▀█▄▀▀▄▀ ▀ ▄▀▀█▄ ▀▄▀▀ ▀▄█▄▄▀▀ ▄▀▀█▄▀▀█
█▄▀█ █▄▄▀▀▄▄ ▀▀██ ▄▄▀██ ▄▄ ▄▀▄▄█▀▄█▄ ▄█  ▄█ ▄██  ▀█▀██ ▀ ██
█▀ ▀▄█ ▄  ▄█▀▄▀█▄▀▄▄▄███▀▄▀ ██   ▀██  ▀▄██▄  ▀▄█▄▀ █▀▀▄  ▀█
██ ▄▀██▄█▄ █ ▄█ ▄ ▀ ▄███▀█▀ ▀▀▄▄██▄▀▀▄▄▄█▀▄███▄ ▄▄▄███ ▀▀██
█▄▀▄█▄▄▄▀▀█▄███ ▄▄▄ █▄▀█▀▀█▀ █  ▄ ▄ █ ▀▄▄▀   ▀█▄▄▀ ▄▀█▄▀▄ █
█▀▀▄▀ ▄▄▄ ▄ ▄▄▀█▀█▄█ ▀▄█▀▄▀ ▄▄▄ ▄ ▄█ ▄█▄█  █ ▀▀█▄ ▄▄▄ ▀ ▄██
█▄▄   █▄█ ▀█▀ ▄▄██▄▀ █▄█▀ ▀ █▄█ ▄▀█▄▀▄█▄█▀ ▀▀▀ ▄█ █▄█ █▀▀ █
█▀█▄▄▄ ▄▄ ▄▄▀▄▀▄▀ ▄▄ ▄▄▄█ ▀▄▄▄▄▄▄██▀   ▄ █▄ █▄▀▄  ▄▄  ▀▀▀██
█  ██ █▄ ▀▄▀█▄ ▀▄█▄▄▄▄██  ▄▄██▀  █▀█ ▄▀▄█▀  ▄▀███▀██▄▄ ▀▀ █
█▄▀█ █ ▄▀▄ ▀▀▄▀▀▄█▀█ ▄▀█▄▄ ▀▀ ▀ ▀▄▄▄▄█▀█▀█▀▀  █  ▀▄█▀▄ ▀███
█▀▀▄▀▄▄▄▀▀ ▄ ▄▄ ▀█▄▄▀▀█▀▄ █ ▀█▀▀ ▀▄█  ▄█▀█ ▀▄▀█▄▀ ▄▄▄████▀█
█▀▀  █▀▄▀ █ ██▄ ▀█  ▀  ▀▄ ▄▀▀█▄▄▀▄▀█  ▄ ▀█▀▀▄▄▀█▄▄▄█▄▄▀▀▄▄█
█ ▄▄▀▀ ▄█ █▀▄███▀▄ ▄▄▄▀█▀▀█▀█▄█ ▀█▀█ ▄▄▄▀▀ ▀ ██▄▀█ █▄██▀▀▀█
███▄▀ ▄▄█▀▀██ ▀██ ▀  █▀ █▀█▀▄▄▄ ▀▀██▄▄█▄▀▄█▀▄█▀▄██▄█▄█  ▀██
█▄ █▀ ▄▄ █  ▄   ▄█▀  ▄▀▄▄▀█ █▄█▀▄▀█▄▄ ▀██▀▀▀ ██▄█ ▄▄▄▄▄  ▀█
█ ▀ ▀▀▄▄█ ▀▀▀▀▄▀█▄▄▀ ▄ ▀▀▀▄▄██▄▄█▀█ ▄▄▀▄▄ ▀▄▄█ █▀▄ ▀█ ▀ █▀█
███████▄█▀▀█▄█  ██▀▄▀▄▀█    ▄▄▄  █ ██ ▀▄██▀ ▄█▄██ ▄▄▄ ▀▀▀▀█
█ ▄▄▄▄▄ █▄ ▀▀▀ ▀▀▄▄ ▀█   ▄█ █▄█ █ ▀▄ ▄▀█▄▄▄▀█ ▀ ▀ █▄█ █▀▄▀█
█ █   █ █ ██ █▄▄▄▀▄ ▄█▀█▀▄     ▄▀▀██▄  ███▄▀ █▄▄ ▄  ▄  ████
█ █▄▄▄█ █ ▄ ██ █▄ ▄▄▄█▄▀▀█▄█ █▀████▀ ▄▀▀▀▄██▀▀▀▄   █▀█▀▀███
█▄▄▄▄▄▄▄█▄█▄██▄▄▄█▄▄▄█████▄████▄▄▄▄▄█▄▄▄████▄██▄█▄▄█▄▄█▄▄██

⚠️  wa_session update gagal: ER_ACCESS_DENIED_ERROR
📱  Scan QR ini dengan WhatsApp di HP kamu:
▄▄▄▄▄▄▄▄▄▄▄▄▄▄▄▄▄▄▄▄▄▄▄▄▄▄▄▄▄▄▄▄▄▄▄▄▄▄▄▄▄▄▄▄▄▄▄▄▄▄▄▄▄▄▄▄▄▄▄
█ ▄▄▄▄▄ █▀  ▀ ▄▄ ▄ ██▄▄▀ ▄ ▄██▄▄█▀▄▄█▄▄▄▄▀  ███▄ ██ ▄▄▄▄▄ █
█ █   █ █▄▀▀▀▀▄██▄▄█ █ ▄█▄███▄ ███ ▄█▄▀███  ▄█▀▄ ██ █   █ █
█ █▄▄▄█ █ █▀▄▄▀▄███▀▀█▀▄▀▄  ▄▄▄ ▄ ▄▀ ▀▀ ▄▀▀ ▀▄ ▀▄██ █▄▄▄█ █
█▄▄▄▄▄▄▄█ █▄▀▄█ ▀ ▀ ▀ ▀ ▀▄█ █▄█ ▀▄█▄█ ▀ ▀▄▀ ▀ ▀▄█ █▄▄▄▄▄▄▄█
█▄▄█ ▀█▄▄▀█▀ █▄█▄▄▄ ▄▄  ██▄▄▄ ▄▄██ ▄ ▄ ▄▄▄█▄▀█▄▄▄██▄ ▄▀▄▄▀█
█▄▄ █ █▄▀▀ ██▄▀█ ▄▀▄▄▄   ▀█▀ ▄  ▄ ▀█▄▄█▀█ █▄▄▀██▄  ▀ ▀▀█  █
█  █▄▄█▄█ ▀ ▄ ▄█ ▀█▄ █ ▀▄▄▀ ▄▄█▀  █▀▄ ▀▄█ ▄█▄▄▄▀▄█▀▄█▄▀▄███
█ ▀█ ▄▄▄█▄█▄██▀ ██▀▄▀███ ▀██▀█ ▄▄▄ ▄▄▄▄▄█▀ ▄▄▀▄ ▄▄ ▀  ██ ▀█
█   ▄▀█▄██▄ ▀▄▄▄█▄ ▄▀▀▄▀▀▄▄▀  ▄█▀▄ ▄▄ ▄ ▀█▀█▀▄▄▄▀██▀ ▀█▀▄ █
█ █▀█▄▄▄▀ █▀▄█▀▄▄   ▄ ▄█▄█ █ ▀▀▀█▀▄▀▀▄▄  ▄▀█▀▄▄▄▄██ ▄ ▄█  █
█ ▄▀██ ▄▄ █▄▄▄███ ▀  █▄▄▄ █ ▄▄█▄ █▄▄█▄█▄▄ ▀▄▄██▄▀█▄▄  ▀▄█ █
█▀█▀  █▄ █▀  ▄▀██ ▀▄▀ ▄█▀▀▄█ ▀▄  ▀█▀▀▀▀▀▄▀▄▀  █ ▄ ▀▄ ▀ █▄ █
█ ▀█▄▀▀▄█  ▄▄█▄▀█▀ ▄██  ██▀ ▀ ▄▄▄▀██▀▄▀██▄▄▄  ▄▀█▄▀▄   █▄▀█
███▄  ▄▄▄ ▀▀▄▄█  ▄▀▀▄▀█▄▄ █ ▄▄▄   ▀ █ █▄▄▀▀█▄▀    ▄▄▄ ▄▄ ██
█ ▀ █ █▄█ █▀▀▄▀ ▄█▄██ ██▀▄  █▄█ ▀▄█▄▀ ▄▀▄▀ ▄▄▄██▀ █▄█ ▀▀▄██
█ █▀▄▄ ▄ ▄█▀█ ▀█ █▄▄ █  ▀▄  ▄   ▄▄█▄  █▄█  ███▀   ▄   ██▀▄█
█▄▄▀▀▀ ▄▀██   ▄▀▄██▄▄▄  ▄▄ ▄▀█▄▄▄█ ▄█▄▄█  █▄ ▀ █  ▀███▄█▀ █
█▄▀ ▀█ ▄▀ ▀▀▀ ▄▄  ▀▀▄▀ ██ █▄ █▀▄▄██▄▄ ▄ ▀ ▀▄█ ▄ ▀█▀ ▀▄ █▄ █
█▄▄█ ▀ ▄▀ ▀▀▄█▄▀    ▀ ▄▄ ▄█▀  █▀ ▄█   ▄▄▄ ▄█▄▄▄▀█▄▄██ ▀▀▄ █
███ ▀▄▄▄█  ▀▄ ▄▄ ▄█▄█ ▀ ▀▄ ▀ ▄█▄█▄ ▄▄█  ▀█▄█▀▄ ▄▀  ███▄█ ▄█
█▄▀▀ ▀█▄ █▀▄▄███ ▄  ▀▀ █▀█ ▄▄▄█▄▄  █  ▀▀ ▀ ██ ▄▄▀▀▄ ████▄▄█
█▀██ ▀▀▄█  ▄▄▄▄▄▄██▄ ▄ █▀██ █▀ ▄▀ ▄   ██ ▀▀▀▄▄ █▀ █ █ ██▀▄█
█ ▄▄ █▄▄▄█▀█▀▄ ▄█▄▄▄▄▄ █▀█ █▄█ █ ▀██▀▄▄█▄ ▀▄▄█▄█▄▀▄▄▄▄▄ ▄▀█
█ ▀ ▀▀▄▄█  ▀▀█▀▄▄▄  █▀ ▄▀█▀▀▄█▄  ▄▄   █▀▀ █▀▀▄▀▄▀ ▄▄ ▀▀█ ▄█
███████▄█    ▀ ▀█   ▀▄  █▄  ▄▄▄  ▄▀ ▀ ▀█  ▄█▄▄█ █ ▄▄▄ █▄▀▄█
█ ▄▄▄▄▄ █▄▀ ▄█▄▀█▄▀▄▀ ▀▀█▀▀ █▄█ █▄ █▄█▄█▄▀ █ █  █ █▄█  █ ▀█
█ █   █ █▀▄█▄ ▀▀█▀▄▄▀  █▀ █▄    ▀ ▄█  █ ▄▀▄██▄█▄  ▄▄   ▀  █
█ █▄▄▄█ █▀▄ █▄ ███  ▄▄█▄█▀▄▄  █▀██▄▄▄ ▀  ▀▀▀   ▀▄▄ ▄▄ ███▄█
█▄▄▄▄▄▄▄█▄▄▄██▄▄█▄█▄▄█▄▄▄█▄█▄▄▄▄▄▄██▄▄▄▄▄▄▄█▄█▄█▄▄▄███▄▄▄██

⚠️  wa_session update gagal: ER_ACCESS_DENIED_ERROR
⚠️   Terputus (408). Reconnect: true, delay: 12000ms
⚠️  wa_session update gagal: ER_ACCESS_DENIED_ERROR
📱  Scan QR ini dengan WhatsApp di HP kamu:
▄▄▄▄▄▄▄▄▄▄▄▄▄▄▄▄▄▄▄▄▄▄▄▄▄▄▄▄▄▄▄▄▄▄▄▄▄▄▄▄▄▄▄▄▄▄▄▄▄▄▄▄▄▄▄▄▄▄▄
█ ▄▄▄▄▄ █▄ ▀  ▄▄▄▀▄█▄▀ ▄▄ ▄▀▄▀▄▄█ ▀█▀ ▄▀█▄ ▄▄▀ ▄ ██ ▄▄▄▄▄ █
█ █   █ █ █▄█▀▀██▄ ▀██▄█▀  ██▄▀▄▀█▀█▀▀▄▀ █▀█ ▄▀▄ ██ █   █ █
█ █▄▄▄█ █▄█▀  █▄▀▀ ▄ ▀▄▄ █▀ ▄▄▄ ▀▄▄█    █▄▀▀▄▀▄▀▄██ █▄▄▄█ █
█▄▄▄▄▄▄▄█▄▀ █ █▄█▄▀ ▀▄▀▄▀▄█ █▄█ ▀ ▀ █ ▀ █▄▀ █▄█ █ █▄▄▄▄▄▄▄█
█▄▄  ▀▀▄█ ██▄▀██▄█ ▀▀▄▄ ▀▀█  ▄   █ ▄▀▀▀▄▄▄▀▀▀█▄▄▀  █▀▄▄ ▀ █
█▀▀  █▀▄   █ ▄ ▀▀▀ ██ ▄▄█▀▄█▄█▀▀▀ ▀█  ▄▄▄ ▄▀▀██▀ ▄▄█▀  ▄  █
█ █▄ ▀█▄█ ▀ ▀▄▄ ▀██▄▀ █▄█▄▀█▀██▀██ ▄▀   █▀▀█▄▀ █▄▄ ▀██▀ ███
█▀ ▄▄▀ ▄█▀▄█▄█▀  █ ▀█ ▄ ▄▀ ▄▀█▀▀ ▄█▄▄ ▄█ ▄▀  ▄███▄▄▄▄   ███
█▄▄▀ █ ▄▄▀▀▄▀▀  ▀ ▀█▄█▀█ █  ▄▄▀▄▄ ▄▀█▀▄▄▄█▄█  ▀ ▀█ ▄▄▀██  █
█▀ ██  ▄█▀ ██▀▀▀██▀███ █ ▄▀ █▄▀█ ▀█▄▀ ▀▄▀▀▄█▄▀▀ ▄▀  ▀█▄▄███
█ ██▄▄▀▄█  ▄██ ██ ▄███ ▄▀█▀   ▀▀▀█ ▄▄▀▄▄  █ ▀██▄▄  ▄▄▄▀ ▀▀█
█ ▀▄▄▀█▄ █▀█▀▄  ▀▄▄▄ ▄▀   █▀█  ▄▀█ ▄▀▄ ████ ▄▀▀▄▄█ ▄█▄▀██▄█
█  █  ▀▄▄  ███▀▄ ▄  █ ████▀█▀█▄█▄▄      ▀██▄ █▀▄█▄▀▀▀▀ ▄ ▄█
█▀▀ ▄ ▄▄▄ ██ █▀▀█▀▄▄▀▀█▄▄   ▄▄▄ █▄█ ▄▀▄▄▀█ █▀█▀██ ▄▄▄ ▀▀ ██
█▀█▄▄ █▄█  ▀ █▀   █▄▀█▀▀▀██ █▄█ ▄▄▀ ██▄█▄▀▀▄   ▀█ █▄█ █▄▀▀█
█▀▄▀█  ▄ ▄▀▀ █ ██ ▀ ██ ▄ ██  ▄▄ ▀█  ▀▄█▀▀▀██ ▄▀▄█ ▄ ▄▄▄█▄▀█
█ █▄  ▄▄▄▀▀▀  ▄ ██ █ ▄▄▄ ▀███▄▀▀▀▀ ▄▄█▀▄█▄ ▀█▀█▄▀▄▀███▄█▄▀█
█ ████ ▄▀█   ▄▀▄▄ ▀▀██ ███ ██▄ █▀█▀ ▄▄▄█▀  █▀▄▀▄▀▀▄▄██▀▄▄▄█
█ ██▀▀▀▄█▀   ▄▄▀██▄ ▀█▀█ ▄█▄██ █▄█▄█ ▄ ▀▀▀▀█▄███▀█▄▀▀▄██▄▄█
██▄█ ▄▄▄█ █▀▄▀█  ▄▄█  █ ▄▀▄▄ ▄▄█▀█ █ ▀▀█▄ █▄ █ ▀  █▀▀  ▀█▄█
█ █▀ ▄█▄▀█▄ ▀ ▀▄▀ ▀█ █▄▀ █▀  ▀▀▄█▄▄▀▀█▄█ █ █  ▀▀ ██   █ ▀ █
█▀▀▀▄▄▄▄█  ██▄█▀▀██▄ ██ ▄▀▀████ ▀█▀▀█▀█▀█▄███ ▀█▀▀ █▄▄▄▄▄██
█▀▄▄ ▀▄▄▀▄▄▄ █▀▀█▄▀▀ ▄ █ ▀█▄ █▀ ▀███▄▀▀█ ▄▀▀▀▀▄█▀█ █ █▄  ██
█ ▀ ▀▀▄▄  █ ▄▀▀▀▀  ▀ ▄ ██▄██▄▀▀▀ █ ██████  ▀  ▀  ▀▄▄ █ █▄ █
███████▄▄ ▄▄ ▀▄▄ █▄   █▀█▄▀ ▄▄▄ ▄█ █▄ ▀▀███▄ ▀▀▄▀ ▄▄▄ █████
█ ▄▄▄▄▄ ██▀██ ▀█  ▀ ▄  ▄▀▀█ █▄█ █▀▄▄██▀▄██ █ ██▄▄ █▄█  ▀▀██
█ █   █ █▀█ █ ▄█▀█▀█ ▄▀█ ▀▄     ▄   ▀▀▄▄ ██▄▄ ▀ ▄ ▄▄ ▄▀▄▀██
█ █▄▄▄█ █ ██▄▀    ▀█▄▀ ▀█▀▄ ▀▀█▀█▀  ▀ █▀█ ▄▀ ▀▀▄  ▄ ██▄▄█▀█
█▄▄▄▄▄▄▄█▄▄▄█▄▄██▄▄█▄█▄▄█▄███▄███▄██▄█▄▄█▄████▄████▄▄▄▄████

⚠️  wa_session update gagal: ER_ACCESS_DENIED_ERROR
📱  Scan QR ini dengan WhatsApp di HP kamu:
▄▄▄▄▄▄▄▄▄▄▄▄▄▄▄▄▄▄▄▄▄▄▄▄▄▄▄▄▄▄▄▄▄▄▄▄▄▄▄▄▄▄▄▄▄▄▄▄▄▄▄▄▄▄▄▄▄▄▄
█ ▄▄▄▄▄ █▄ ▀  ██████ ▀▀▄ ▄▄▀▄▀▄▄█ █▀▀▄▀█ █▄▄▀█ ▄ ██ ▄▄▄▄▄ █
█ █   █ █ █▄█▀▀█▄▄ ▀██▄█▀  ██▄▀▄▀▄▀█▀▀▄▀▀█▀█ █▀▄ ██ █   █ █
█ █▄▄▄█ █▄▀▀▀▄█▄▀▀ ▄ ▀▄▄ █▀ ▄▄▄ ▀▀▄███  █▀▀▀█▀▄▀▄██ █▄▄▄█ █
█▄▄▄▄▄▄▄█▄▀▄▀ █▄█▄▀ ▀▄▀▄▀▄█ █▄█ ▀ ▀ █ ▀ █▄▀ █▄█ █ █▄▄▄▄▄▄▄█
█▄▄  █▀▄█▄█▄  ██▄█ ▀▀▄▄ ▀▀▀  ▄   █ ▄▀▀▀▄▄▄▀▀▀█▄▄▄  ██▄▄ ▀ █
█▀▀  █ ▄▀ ▀█▀█ ▀▀▀ ██ ▄▄█▀▄█▄▀▀▀▀ ██  ▄ ▄ ▄▀▀█▀▀▀██▄   ▄  █
█ █▀▀▀█▄▀ ▀▀▀▄▄ ▀██▄▀ █▄█▄▀▄▀██▀██▀▄▀   █▀▄▄▄▀▀███ ▀█▀▀ ███
█▀█▀▄▀ ▄▄▀▄█▄█▀  █ ▀█ ██▄▀ ▄▀▄██ ▄▄█ ▄▄▄▄ ▄▄▄▄ ▄▄ ▄▄█ ▀ ███
█ ████ ▄▄▀▀▄▀▀  ▄ █▀█▄▄█ █  ▄▄ █▄ ▄ ▀▀█▄ ▀██▄ █▀▀█ ▄▄▀█▄ ▄█
█ ▄▄▀▄▄▄█▀ ██▀▀▀█▄▀█▄  █▄▀▀ █▄▀█ ▀█▄▀ ▀▄ █▄█▄▀▀ ▄▀▄ ▀█▄▄ ▀█
█  █▄ █▄█  ▄▀  ██ ▄███ ▄▀█▀   ▀▀██ ▄▄█▄▄▄ █ █▀█▄▄ ▄▄▄▄▀  ▀█
█ ▀▄▄ ▄▄▄█  ███▄▀▄▄▄ ▄▀   █▀█  ▄▀█ ▄▀▄ ██▄█ █ ▀▄▄█ ▀█ ▀██▄█
█  █ ▀█▄▀██▄ █ ▄ ▄  █ ██████▀█▄█▄▄      ▀██▄ █▀▄▄█ ▀█▀ ▄ ▄█
█▀▀ ▄ ▄▄▄ ▄▄▄████▀▄▄▀▀█▄▄ ▄ ▄▄▄ █▄▀ ▄▀ ▄▀█ ▀▀███  ▄▄▄ ▀▀ ██
█▀█   █▄█ ▄▄ ███  █▄▀█▀▀▀██ █▄█ ▄▄▄▀██▄█▄▀▀▄   ▀█ █▄█ ▄▀▀▀█
███ ▀  ▄▄ ▀▀ █ ██ ▄ ██▀█ █▄  ▄▄ ▀█▀ █▄█ █▀█▄▄▄█▄▀    ▄▀█▄▀█
██ ▄▀ ▄▄██▀▀  ▄ ▄█▄▀█▄  █ ██▄▄▀▀▀▀ ▄▄▀▀█   ▀▀▀▄▄▀▀▀█▄█▄▄ ▀█
█▀  ▀█ ▄▄    ▄▀▄▀ ▀▀ █ ██  █▄  █▀▀▀ █▀███▄▀▄▄▄ ▄ ▀▄▄▀█▀▄▄ █
██▀█▀▀▀▄█▀  █ ▄▀██▄ ▀█▀█ ▄█▄███▄▄▀▄█▄  ▀ ▀▀█ ███▀█▄▀▀▄██▄██
██▄█ ▄▄▄█  ▄▀▀█  ▄▄█  █ ▄▀▄▄ ▄▄█ █ █ ▀▀█▄ █▄ ▄ ▀  █▀▀  ▀█▄█
█ █▀ ▄▀▄▀█▀▀█▀▄▄▀ ▀█ █▄▀ █▀  ▀▀▄█▄▄▀▀█▄█ █ █  ▀▀ █▄▄  █▄▀ █
█▀▀▀▄█▀▄█ ▀█▀ ▀▀▀██▄ ██ ▄▀█████ ▀████▀███▄▀▀█ ▀██ ▄▀▄▄ █▄██
█▀▄▀▄▄█▄ ▄▄▄ █▀▀█▄▀▀ ▄ █ ▀█  █▀ ▀██▄▄▀█▄ ▄▀ ▀▀▄▄██ ▄███▄ ██
█ ▀ ▀▀▄▄▀▀█ ▄▀▀▀▀ ▀▄ ▄  █▄▄ ▄▀▀▀ █ ▄▀█▄██ ▄ ▄▄█ ▄▀  ▄▄▄█▄ █
███████▄▄ ▄▄ ▀▄▄ █▄▄▀▀█▀▀█▀ ▄▄▄ ▄█ █▄ ▀ ▀▀▄▄ ▀ ▄█ ▄▄▄ █████
█ ▄▄▄▄▄ ██▀██ ▀█▀ ▀ ▀▀ ▄█▀█ █▄█ ▀▀▄▄█▀▀▄▀  ▄█ █▄▄ █▄█  ▀▀██
█ █   █ █▀█ ▀ ▄█▀█▀█ ▄▀█ ▀▄  ▄      █▀▄▄ ██▄▄▄▀ █ ▄▄▄▄▀▄▀██
█ █▄▄▄█ █ ▄█  █▄  ▀█▄▀ ▀█▀▄ █▀█▀█   ▀ █▀█▀▄▀ ▀▀▄  ▄ ▀▀▄▄█▀█
█▄▄▄▄▄▄▄█▄▄▄██▄▄█▄▄█▄█▄▄█▄███████▄██▄█▄▄█▄████▄████▄██▄████

⚠️  wa_session update gagal: ER_ACCESS_DENIED_ERROR
📱  Scan QR ini dengan WhatsApp di HP kamu:
▄▄▄▄▄▄▄▄▄▄▄▄▄▄▄▄▄▄▄▄▄▄▄▄▄▄▄▄▄▄▄▄▄▄▄▄▄▄▄▄▄▄▄▄▄▄▄▄▄▄▄▄▄▄▄▄▄▄▄
█ ▄▄▄▄▄ █▄ ▀  █▄▀▀▄█▀█ █  ▄▀▄▀▄▄█ █▀▄▀ ▀▀▀▄ ██ ▄ ██ ▄▄▄▄▄ █
█ █   █ █ █▄▀▀▀█▄▄ ▀█▄▄█   ██▄▀▄▀▄▀█▀ ▄▀█▄▀█ █▀▄ ██ █   █ █
█ █▄▄▄█ █▄▀▀ ▀█▄▀▀ ▄ ▀▄▄ █▀ ▄▄▄ ▀▀▄█▀█    ▀▀ █▄▀▄██ █▄▄▄█ █
█▄▄▄▄▄▄▄█▄▀ ▀ █▄█▄▀ ▀▄▀▄▀▄█ █▄█ ▀ ▀ █ ▀ █▄▀ █▄█ █ █▄▄▄▄▄▄▄█
█▄▄  ▀█▄█ █ ████▄█ ▀▀▄▄ ▀▀▀  ▄   █ ▄▀▀▀▄▄▄▀▀▀█▄▄ ▀ █▀ ▄ ▀ █
█▀▀  ▄ ▄ █▄▄▀▄ ▀▀▀ ██ ▄▄█▀▄▄▄█▀▀▀ ██  ▄▄▄  █▀███▀ ▄█▀▄ ▄  █
█ █▀█▀█▄█▄▀▀▀▄▄ ▀██▄▀ █▄█▄ █▀▀█▀██ ▄▀  ▀█▀█▄▄▀▀███ ▀ ██ ███
█▄ ██▀ ▄▄▀▄█▄█▀  █▄▀█ ▄█▄▀ ▄ ▄█▀ ▄█▀▄▄██ ▄█   ▄██▄▄▄█▀  ███
██▄▀██ ▄▄▀▀▄▀▀   ▀████▀█ █  ▄▄ ▄▄ ▄ █▀██▄█ █▀▄█ ▀█ ▄▄▀██  █
██ ▄▀ ▄▄█▀ ██▀▀▀▄▄▀█▄  █▀▄▀ █▄▀▄▄██▄▀█▀█▀▄██  ▀ ▄▀  ▀█▄▄▀▀█
█▄██▄ █▄█  ▄▀▄ ██ ▄███ ▄▀█▀   ▀▀▀▀ ▄▄█▄▄  █ ███▄▄  █▄▄▀   █
█ ▀▄▄▄▄▄ ▀  ███ ▀▄▄▄ ▄▀   █▀█  ▄▀█ ▄ ▄ █▄██ ▄ ▀▄▄███▀▄▀██▄█
█  █ █▄▄▄▄▀█▀▀█▀ ▄  █ ██████▀█▄█▄▄      ▀██▄ █▀▄██ ▀▀▀ ▄ ▄█
█▀▀ ▄ ▄▄▄ ▀▄█▄███▀▄▄▀▀█▄▄ ▄ ▄▄▄ █▄█▄▄▀ ▄▀█▄█▀███  ▄▄▄ ▀▀ ██
█▀█▀█ █▄█ ▀  ██▄  █▄▀█▀▀▀██ █▄█ ▄▄▄ ████▄▀▄█  ▀▀█ █▄█  ▄▀▀█
█▄  ▀  ▄▄ ▀▀ █ ██ ▀ ██▄▄ ██▄ ▄▄ ▀█▀ █▄▄▀█▀▄▀▄▄ ▄█  ▄▄▄██▄▀█
█▀█▀  ▄▄▀ ▀▀  ▄ █▄ ▀ ▄▄▄ ▀██▄█▀▀▀▀ ▄ ▀ ▄▄   ▀██▄▀█▀██▄██ ██
█▄█▄ █ ▄▀█   ▄▀▄█▄▀▀▀▄ █ █ ██  █▀▀▀  ▄▄█▄▀ ▄█▀ █ ▀▄▄██▀▄ ▄█
█▄ █▀▀▀▄█▀  ▀▀▄▀██▄ ▀█▀█ ▄█▄██▄▄▀█▄█ ▄ ▀▀▀▀█▀▀██▀█▄▀▀▄█████
██▄█ ▄▄▄█ ▀█ █▀  ▄▄█  █ ▄▀▄▄ ▄▄▀ █ █▀▀▀█▄ █▄ ▄ ▀  █▀▀  ▀█▄█
█ █▀ ▀█▄▀█▄▄█▀▀ ▀ ▀█ █▄▀ █▀  ▀▀▄█▄▄▀▀█▄█ █ █  ▀▀ █ ▀  ▀▄▀ █
█▀▀▀▄ █▄█ █ ▀▀█▄▀██▄ ██ ▄▀█████ ▀██▀█▀███▄▀▀█ ███ ▄▀▄▄▄█▄██
█▀▄█ █▄▄▀█ ▄ █▀▄█▄▀▀ ▄ █ ▀█  █▀ ▀██▄▄▀▀█ ▄█▀▀▀▄██▀▄█▄█▀▄ ██
█ ▀ ▀▀▄▄▄ █ ▄▀▀▀▀ ▀█ ▄█ █▄▄ ▄▀▀▀ █▀█████▀▄▄  ▄█ ▀▄▄▄▀▀▀█▄ █
███████▄▄▀▄▄ ▀▄▄ ▄   ▀ ▀▄▄▀ ▄▄▄ ▄█ █ ▄▀▀▄▀ █▄▀ ▄▀ ▄▄▄ █▄▀██
█ ▄▄▄▄▄ ██▀██ ▀█▀▀▀ ▄█ ▄▄▀█ █▄█ █▀▄▄▀  ▄█  ▄▀ █▄█ █▄█  ▀ ▀█
█ █   █ █▀█  ▄▄█▀█▀█ ▄▀█ ▀▄     ▄   █▀▄▄ ██▄  ▀ █ ▄▄ ▄▀▄ ██
█ █▄▄▄█ █ ███▀▄█  ▀█▄▀ ▀█▀▄ ▀██▀▄   ▀ █▀█ ▄▀▀ ▀▄  ▄ ▀█▄▄█▀█
█▄▄▄▄▄▄▄█▄▄█▄████▄▄█▄█▄▄█▄██▄████▄██▄█▄▄█▄████▄████▄▄█▄████

⚠️  wa_session update gagal: ER_ACCESS_DENIED_ERROR
📱  Scan QR ini dengan WhatsApp di HP kamu:
▄▄▄▄▄▄▄▄▄▄▄▄▄▄▄▄▄▄▄▄▄▄▄▄▄▄▄▄▄▄▄▄▄▄▄▄▄▄▄▄▄▄▄▄▄▄▄▄▄▄▄▄▄▄▄▄▄▄▄
█ ▄▄▄▄▄ █▀▄▀▄▄█ █▀▀▀▄▀▄█ ▄▄█ ▀  █▄▀██▄▄██ ▄ ▄█▄▄ ██ ▄▄▄▄▄ █
█ █   █ █▀▄█▀▄ ██▄  █▄█▄▀ ▀█▄█▀█▀█ ▄▀▀█▀▀▄▀▄▀▄ ▄ ██ █   █ █
█ █▄▄▄█ █▀▄█  ▀█▄█▀▀▄ ▀ ▀ █ ▄▄▄ ▀▄▀▀▀ ▄▀█  ▄▄ ▀▀▄██ █▄▄▄█ █
█▄▄▄▄▄▄▄█▄█ █ █ ▀▄█▄▀ █▄█ █ █▄█ ▀▄█ ▀▄▀▄▀▄█▄█ ▀ ▀▄█▄▄▄▄▄▄▄█
█▄▄   ▀▄   ▀█▀▄██▄   ▄█▀▀ ▄▄ ▄  ▀█▀█▀  ▄██▀  ███  ▄█▄█▄▀ ▀█
█▄█▀█▀▀▄ ▄█▄ █▄ ▄█▀ ▀▀▀ ▄▄▀▄█▀ ▄█▀ ▀▀█▄█▀▄█ █▄ ▀▀▄ ▄▄▄▀▀▄▀█
█▄█  ▀▀▄  ▀▄█ ▄▄██▀ ▀▄▀▄▀   ▀▀▀██▀█▄█▄▀█▀▀▀▀▄██▄█▀ █▀▀▀▄█▀█
████▄  ▄▄ █▄▄▄  ▀▄▄█▄ ▀█▄ ▀▄▀█▀▄▀▄ █▄█▄▄▀▀ ▄█▄ █ ▀█▄▄ ▀ ▄██
█ ▄█ ▀▀▄  ▄  ▄▄▀▄▄   ▄▄▀▀▀▄▀▀  ▀ ▀▀█▄▄█▄█▀▀ ▄█▄█  ▄█▀█▄ ▄▀█
█  ▄▀▄▄▄██▄█▀█▀█ ▀█▀ █▄█▀▀▀▄▀▄█▀ █▀▄     ▀ ▀▄ ▄  █▄▄██  ▄▀█
█▄ ███ ▄▄ ▀█ ▄▀█▄▀▄▄▄█▀█▀▄  ▀▀▀ ▄▀▀█ ▄█▄▄██▀▀▀▄█▄▀▀▄██▀▀▀ █
████▀▀▄▄▄ █ ▄  ▀▄ █▀▄█▄▄▀█▀  ▄▀▀▄▄█ ▀ ▄▄ ▀▄█▀▀▄ █ █▀ ▄  ▀██
█▄ ▀▄▄█▄ ▀▄▀▀█▀▄▄▄▄▄█▄▀█▀▀████ ▀▄ ▄ ▄▄ ▄██▀  ▀█▄▀ ▀█▀▀▄   █
█   █ ▄▄▄ ▀▄█▀▄▀▄ ▄█ ▀▄█▄▀▄ ▄▄▄ ▄▄ ▀▄ ▀▄ ▄   █▄▄█ ▄▄▄ █ ▀██
█▄▀▄▀ █▄█ ██▀ ▄██▄▄▀█▄▄█  ▀ █▄█  █▄▄▄  ▄▀█▀▀▄▀▀█  █▄█ ▄██ █
█ █▄▀▄▄▄ ▄█▀▄▀ ▀▀ ▄▄█▀ █▄▀▄▄▄▄ ▄▀▀█▀█ ▀██▀▀ ▄▄█▄█▄   ▄█ ▄██
█▀▄▄▄▀▄▄▀█   ▀█ ██▀▄▀███▀▀▄█▄▄▀  ▀▀█▄▄██▄█▀▀▄█▄█▀▀ █▄▄▄█▀▀█
█▄▀█▀▀▀▄█ █▄▀▀██ ▀ ▄▄▀█▀█▀▄▄ ▄▀ █ ▄▄▀█ ▄▀█ ▀▀▀█▀▀▄ ███ ▀▄▀█
██▀▀█▀█▄██▄ █ ▄█▀█ ▄▀▀██▄ █ ▀██▄ ▀ █ ▄ ████▀▀█▀██▀▄██▄▀▀▄▀█
█▄██▀█▄▄▄ ████▄█▀█▄▄▀ ▄▀▄ █▄▀█▄▄ ▄▀▄▀  ██▀██ █▀  ▀▄▀ ▀  ▄▄█
██▀ ██ ▄█▄▄██▀▀▀▄▄  ▄▄▀█▀ █▀██ ▀▀█▀█   ▄█▀▀ ▄▀▄█▀ █▀█▄▄▀█▀█
██▀█  ▀▄█▄▀▀▄▄▄ ██▀  ▀▀  ██▀▀█▀▄▀▀▀█▀█▀▀▀▄▀██▄██▀▄ █ ▄▄▀▄▀█
█ █   █▄ ▀ ▄ ▄▀▀▄█▀ ▀▄▀▄  ▄▄▀▄▀▀ █▀▄▄  █▀█▀▀ ▀█▄█▄▄▀██▄█▀██
█ ▀ ▀▀▄▄▀▀ ▄█▄█ ▄▄█ ▄█ █▄▀ ▀▀█ ▄▄▄█ ▄▄▄█  ▄  ▀█▄█▄▀▀▄▄▀  ▀█
███████▄█▀ ▄▄█▄ ▄▄▀▄▄▄█▀▀▀▀ ▄▄▄ ▄▀▄█▄ ▄▄█▀▀▀██▄██ ▄▄▄ ▀▀███
█ ▄▄▄▄▄ █▄ ▄█▀ █▀█▀▀█ ▀█▄▄▄ █▄█ ▄▀███▀ ▄▄█▀▄▀██▄█ █▄█    ▀█
█ █   █ █  ▄   ▄▄▀  ▄█▄▀▀▄  ▄▄ ▄▀██▄   ███▄▀ █▄▄▄▄ ▄ ▄ ▀▄▄█
█ █▄▄▄█ █ █  ▄▀█▄ █▀▄█▄▀▀█▄▄▀█▀███▄ ▄▄██▀▀ █▀██▄▄▄▄▄█▀  ███
█▄▄▄▄▄▄▄█▄▄█████▄█▄▄██████▄████▄▄▄▄▄▄▄█▄▄██▄▄██▄█▄▄▄▄█▄▄▄██

⚠️  wa_session update gagal: ER_ACCESS_DENIED_ERROR
📱  Scan QR ini dengan WhatsApp di HP kamu:
▄▄▄▄▄▄▄▄▄▄▄▄▄▄▄▄▄▄▄▄▄▄▄▄▄▄▄▄▄▄▄▄▄▄▄▄▄▄▄▄▄▄▄▄▄▄▄▄▄▄▄▄▄▄▄▄▄▄▄
█ ▄▄▄▄▄ █▄ ▀  ▄▄▀▀▄█ ▀▀█  ▄▀▄▀▄▄█ █▀▄█▀█▀█▄ ▄  ▄ ██ ▄▄▄▄▄ █
█ █   █ █ █▄▀▀▀█▄█ ▀▄█▄█▀▀ ██▄▀▄▀▄▀█▀▀▄▀██▀█ ▄▀▄ ██ █   █ █
█ █▄▄▄█ █▄██▀ █▄▀▀ ▄ ▀▄▄ █▀ ▄▄▄ ▄▄▄█ ▀   █▀▀ ▀▄▀▄██ █▄▄▄█ █
█▄▄▄▄▄▄▄█▄█ █ █▄█▄▀ ▀▄▀▄▀▄█ █▄█ ▀ ▀ █ ▀ █▄▀ █▄█ █ █▄▄▄▄▄▄▄█
█▄▄  ██▄█▄▀  ███▄█ ▀▀▄▄ ▀▀█  ▄   █ ▄▀▀▀▄▄▄▀▀▀█▄▄▄  █▀▄▄ ▀ █
█▀▀  ▄▀▄████▀█ ▀▀▀ ██ ▄▄█▀█▄▄█▀▀▀ ▀▀  ▄▄▄  ▀▀█▀▀█ ▄▄█▄ ▄  █
█ █▀█▀█▄▄▀ ▀▀▄▄ ▀██▄▀ █▄█▄▀▄█▀█▀██▀▄▀ █ █▀ ▄▄▀ ███ ▀▀▀▀ ███
██▀██▀ ▄█ ▄█▄█▀  ██▄█ ▀▀▄▀ ▄▀██▀ ▄██ ▄▀▄ ▄  ▄▄██▄ ▄▄█   ███
█▀  ██ ▄▄▀▀▄▀▀  ▀▀██ █ ▀ █  ▄▄ ▄▄ ▄  ▀▀█ ▀▀▄▄  ▀▀█ ▄▄▀▄█ ▄█
█   █▄▄▄█▀ ██▀▀▀▀▄▀██  █▀ ▀ █▄▀█ ██▄▀  ▄▄███▄█▀▀▄▀ ▄▀█▄▄ ▀█
█▀▄█▄▀ ▄█  ▄▀  ██ ▄███ ▄▀█▀   ▀▀ █ ▄ ▀▄▄▄ █ ▀▀█▄▄  █▄▄▀   █
█ ▀▄▄▀▄▄▄██▄ █▀█▀▄▄▄ ▄▀   █▀█  ▄▀█ ▄▀█ █▄██ ▄ ▀▄▄█▀ ▀ ▀██▄█
█  █ ▀▄▄▄██▀█▀▄▄ ▄  █ ████▀█▀█▄█▄▄      ▀██▄ █▀▄█▄ ▀█▀ ▄ ▄█
█▀▀ ▄ ▄▄▄ ▄▄▀ ▄▄█▀▄▄▀▀█▄▄ ▄ ▄▄▄ █▄█ ▄▀ ▄▀█ ▀▀█▀▀█ ▄▄▄ ▀▀ ██
█▀██▀ █▄█ ▀█ █▀▄  █▄▀█▀▀▀██ █▄█ ▄▄▀ ███▄▄▀▀▄  █   █▄█ █ ▀▀█
█▀▀▀█▄▄▄ ▄▀▀ █ ██ ▀███ █ █▄▄ ▄▄ ▀█ ▀█ ██▀▀▄  ▄█ ▄    ▄▄▄▄▀█
█ ▀█  ▄▄▄▀▀▀  ▄ ██▄▀▀▄▄ ▀▀██▄█▀▀▀▀ ▄ █▀██▄  █▀███ ▀█▄███ ██
█▄▄█ █ ▄██   ▄▀▄█ ▀▀▄█ █▀█ █▄▀ █▀█▀   ▄█▀▄ ▄ █▀█ ▀▄▄█▄▀▄▄ █
██▄█▀▀▀▄█▀  ▀▄▄▀██▄ ▀█▀█ ▄█▄██▄▄ ▀▄█▄  ▀ ▀▀█▄▀██▀█▄▀▀▄█████
██▄█ ▄▄▄█ █▀▀▀▀█ ▄▄█  █ ▄▀▄▄ ▄▄█ █ █▀▀▀██ █▄▀▄ ▀  █▀▀  ▀█▄█
█ █▀  ▀▄▀█▄██▄█▀▀ ▀█ █▄▀ █▀  ▀▀▄█▄▄▀▀█▄█ █ █  ▀▀ ██▄  █▄▀ █
█▀▀▀▄▀ ▄█ ▀▄▄▄█ ▀██▄ ██ ▄▀▀████ ▀█▀▀█▀███▄███ ██▀  █▄▄█▄▄██
█▀▄▄▀█ ▄▀▄▀  ████▄▀▀ ▄ █ ▀▄█ █▀ ▀█▄█▄▀ ▄ ▄▀▀▀▀ ▄▀▄███▄   ██
█ ▀ ▀▀▄▄▄▀█ ▄▀▀▀▀  ▄ ▄▄██▄▄▀▄▀▀▀ █▀▄█▀▄▄▀▄██  ▄  ▄▄▄ ▄█▄▄ █
███████▄█ ▄▄ ▀▄▄▀▄▄▄▀▀▀▀██▀ ▄▄▄ ▄█ ██▄  ▀▀██ █▀█▀ ▄▄▄ ██▀██
█ ▄▄▄▄▄ ██▀██ ▀█▀█▀ ██ ▄█ █ █▄█ ▀█▄▄ █ ▄▄  ▄▄▀▄▄▀ █▄█  ▀█▀█
█ █   █ █▀█ ██▄█▀█▀█ ▄▀█ ▀▄ ▄▄  ▄   ▄█▄▄███▄▄ ▀ ▄ ▄▄▄▄▀▄▀██
█ █▄▄▄█ █  ▀ ▄█   ▀█▄▀ ▀█▀▄ ▀██▀▄     █▀█▀▄▀ ▀▀▄  ▄ ▀█▄▄█▀█
█▄▄▄▄▄▄▄█▄█████▄█▄▄█▄█▄▄█▄██▄▄███▄██▄█▄▄█▄████▄████▄█▄▄████

⚠️  wa_session update gagal: ER_ACCESS_DENIED_ERROR
📱  Scan QR ini dengan WhatsApp di HP kamu:
▄▄▄▄▄▄▄▄▄▄▄▄▄▄▄▄▄▄▄▄▄▄▄▄▄▄▄▄▄▄▄▄▄▄▄▄▄▄▄▄▄▄▄▄▄▄▄▄▄▄▄▄▄▄▄▄▄▄▄
█ ▄▄▄▄▄ █ ▀▀▄▄▀█ █▀▀▀▄ █▄ ▀ █▀   ▀▄▀█▀█▄▀▄▄ █ ▀▄ ██ ▄▄▄▄▄ █
█ █   █ █ ▄  █ █▄▀██▄██▀▄▄▀█▄ ▄ ▀▄ ▀███▀▄▀▄▀ ▄ ▄ ██ █   █ █
█ █▄▄▄█ █▀█▀██▄ ▀█▀▀▀█▄ ▀   ▄▄▄ █ ▄▀█ ▀▄█▀ ▄█ ▄▀▄██ █▄▄▄█ █
█▄▄▄▄▄▄▄█▄▀▄▀ █ ▀ ▀ ▀ █ ▀▄█ █▄█ ▀▄█▄█ ▀▄▀ ▀ █ ▀▄█ █▄▄▄▄▄▄▄█
█▄ ██ ▄▄█▀▀▄██▀  ▄  █▀ ▀▀ ▀▄▄▄  ▄ ▄█▀ █▀ █▀ █  █▀ █▀ █▄ ▄▄█
█▀█▀█▄▄▄▀█ █▄█▄ ▄ ▄█▀▀▀█▀▀█▄▀▄█▀█▀▄ ▄  █▀▀▄██▄   ▄ █▄▄▄▄▄▀█
█▄  ▄▀▀▄▀▀█▄█ ▀▀ █▀ ▄▀▄▄▀ ██▄█▀█ ▄▀██▄█ ▄▀  ▀  █▀▀█ ██▀▄ ▄█
█ █  ██▄█ █▀▀▀  ▀▀█▄▄  █▀█▀▄  ▄█▀▄ ▄▀ ███▄▄ ▀ ▄█▀▄█▄█▄▄▄▄██
████ ▀▀▄██▀  ▄▀▄▀▄▄ ▄▀ ▀ ▀▀▄▄ ▀ █▄▄▄  ▄ █▀█▀▀▄█▄  ▀ ▄██ ▀ █
██▀▀██▀▄██▄ ▄ ▀█▀▀ ▄▀▄▄  █▀▄▀▀ █▄█▀▀▄█  █▄█▄  ▄██ ▄▄█ ██▄██
█▄   █ ▄▀█▄██▄▄ ▀▀▄▄▀ ▄█▀▄██▄▀▀ █ ▄█   ▀▀▀█▀█ ▀█▄▀█  █▀▀▄██
█ ██▀▄▄▄▄ █▄ ▄██▄█ ▄▄█▄▀▄ ▀  ▀▄▄▄███▄█▄▄ █▀  ▀▄█ █▄█ ███▀██
█▄█▄▀ ▀▄▀██▄▄▀ █▀▄▄▄ ▀▄█▀▀ ▄ █ ▀▀█▀ ▄▄█▀ █▀ █▄ ▄ ▀█ ▄█▄ ███
██  █ ▄▄▄ ▄▀█▄▀█▄█▀  ▀▄ ▀▄█ ▄▄▄ ▄▄▄ ▀█▀  ▀▀▀ █▄▀▀ ▄▄▄ ▄█▀██
█▄▄▄  █▄█ ▀▀▀ ▀▄ ▄▄▀ ▀▀█  ▄ █▄█ █ ▀▄▄ ▄ ▄██ ▀▄▀▄▀ █▄█ █  ██
█ ▄▀▀ ▄▄▄ █▄▀▄ ▀▀████▀▀ ▀▄█▄▄ ▄ ▀▀▄▄ █▄ █ ▀▄▄▄ ██ ▄ ▄▄▄▄▄██
█▄ ▀▄▀▄▄ ▄█  ▀ █ ▄  ▄  ▀▄▀▀  █▀ █▄▄█▄▄█ ▄▀ ▀█▄ ▄▀ █ ▄▄██▄▄█
█ █▄▀▄▄▄▄██▀▄▄██ ██▀▀██▄▀▄▄▄█▀▄██ ▄▀█▀▀▄ ▄▄▄▀ ▄█▄▀ ██▄█▄▄▀█
███▄ ▀█▄  ▀  ▀▀ ▄█ ▄▄▄ █▄  █▄█ ██ ██▀ █  ██▀  ▄██▀▀  ▄▀▀▀▄█
█▀██▀ ▀▄▄ ▀ ▀ ▀▀▀ ▀▀▀ ▄▄▀██▄▀ ▀█ ▄▀▀▄▄ ██▄  ▀▄▀██▄▄▀ ▄██▄▄█
██▄█ ▀█▄ ▀▀▄▄▄▀▄▀▄  ▀▀▄█▀  ▄ █ ▀▄ ▄█  █▀ ▀▀ ▀▄▀█▀ █▄ ▄▄█ ▄█
█ ▀█ █▄▄█▄ ██▀ ▀█ ▄█ ▀▀██ ▀▀▀ ▄▀▀▀█ ▄ █▀▀▀ ▄█▄█ ▄  ▀ ▀██▄▀█
█  ███ ▄ ▀▄  ▄█▄▀█▀ ▄▀▄▄   ▄▄▄▀▀█ ▀▄▄ ▄▀▄█  █▄ █▀█▀█▀█▀▀▄ █
█ ▀ ▀▀▄▄▀▄ ▀ ▀█ ▄▀▄▄▄█▄▄▀▄  ▀ █▀▄▄▄▄██▄▄▄▀  ▄█▄   ▄▀█ █▄ ▀█
███████▄▄▀█▄▄█▀█▀▄▄▄█  ▀ ▀▄ ▄▄▄ ▀▄▀█▄▄█ ▄█ ▀█▄ ██ ▄▄▄ ▀▀▄ █
█ ▄▄▄▄▄ █▀ ▀ ▄ ██▄▄▄█▀▀ ▀▄▄ █▄█ ▄██ ▄█ ███▄▀▀█▄   █▄█ ██ ▀█
█ █   █ █▄█▄▀▀█▀▀▀  ▀ ▀▀▀▄█▄▄  ▄█▄ ▄▄▄█ ██▄▀▀▄▀▄▄▄▄ ▄▄ ▀  █
█ █▄▄▄█ █▀ ▀▀█ █▄█ ▄▄█▄▄▄ ▄▄█▄▄ █▄▄█ ▀██▀██  ██▀▀▀▄▄▀▄█████
█▄▄▄▄▄▄▄█▄▄████▄██▄▄▄▄▄████▄▄██▄███▄▄▄▄████▄█▄▄▄█▄████▄▄█▄█

⚠️  wa_session update gagal: ER_ACCESS_DENIED_ERROR
⚠️   Terputus (408). Reconnect: true, delay: 24000ms
⚠️  wa_session update gagal: ER_ACCESS_DENIED_ERROR
